
*** Running vivado
    with args -log system.vds -m64 -product Vivado -mode batch -messageDb vivado.pb -notrace -source system.tcl



****** Vivado v2020.1 (64-bit)
  **** SW Build 2902540 on Wed May 27 19:54:49 MDT 2020
  **** IP Build 2902112 on Wed May 27 22:43:36 MDT 2020
    ** Copyright 1986-2020 Xilinx, Inc. All Rights Reserved.

source system.tcl -notrace
Command: synth_design -top system -part xc7a35tcpg236-1
Starting synth_design
Attempting to get a license for feature 'Synthesis' and/or device 'xc7a35t'
INFO: [Common 17-349] Got license for feature 'Synthesis' and/or device 'xc7a35t'
INFO: [Device 21-403] Loading part xc7a35tcpg236-1
INFO: [Synth 8-7079] Multithreading enabled for synth_design using a maximum of 2 processes.
INFO: [Synth 8-7078] Launching helper process for spawning children vivado processes
INFO: [Synth 8-7075] Helper process launched with PID 11012
WARNING: [Synth 8-2611] redeclaration of ansi port clkDiv is not allowed [D:/Vivado/Workspace/LAB4/Problem2/Problem2.srcs/sources_1/new/clockDiv.v:28]
WARNING: [Synth 8-2611] redeclaration of ansi port segments is not allowed [D:/Vivado/Workspace/LAB4/Problem2/Problem2.srcs/sources_1/new/hexTo7segment.v:15]
---------------------------------------------------------------------------------
Starting RTL Elaboration : Time (s): cpu = 00:00:06 ; elapsed = 00:00:11 . Memory (MB): peak = 1098.223 ; gain = 0.000
---------------------------------------------------------------------------------
INFO: [Synth 8-6157] synthesizing module 'system' [D:/Vivado/Workspace/LAB4/Problem2/Problem2.srcs/sources_1/new/system.v:23]
INFO: [Synth 8-6157] synthesizing module 'clockDiv' [D:/Vivado/Workspace/LAB4/Problem2/Problem2.srcs/sources_1/new/clockDiv.v:23]
INFO: [Synth 8-6155] done synthesizing module 'clockDiv' (1#1) [D:/Vivado/Workspace/LAB4/Problem2/Problem2.srcs/sources_1/new/clockDiv.v:23]
INFO: [Synth 8-6157] synthesizing module 'BCD' [D:/Vivado/Workspace/LAB4/Problem2/Problem2.srcs/sources_1/new/BCD.v:23]
INFO: [Synth 8-6155] done synthesizing module 'BCD' (2#1) [D:/Vivado/Workspace/LAB4/Problem2/Problem2.srcs/sources_1/new/BCD.v:23]
INFO: [Synth 8-6157] synthesizing module 'quadSevenSeg' [D:/Vivado/Workspace/LAB4/Problem2/Problem2.srcs/sources_1/new/quadSevenSeg.v:23]
INFO: [Synth 8-6157] synthesizing module 'hexTo7segment' [D:/Vivado/Workspace/LAB4/Problem2/Problem2.srcs/sources_1/new/hexTo7segment.v:10]
INFO: [Synth 8-6155] done synthesizing module 'hexTo7segment' (3#1) [D:/Vivado/Workspace/LAB4/Problem2/Problem2.srcs/sources_1/new/hexTo7segment.v:10]
WARNING: [Synth 8-567] referenced signal 'num0' should be on the sensitivity list [D:/Vivado/Workspace/LAB4/Problem2/Problem2.srcs/sources_1/new/quadSevenSeg.v:69]
WARNING: [Synth 8-567] referenced signal 'num1' should be on the sensitivity list [D:/Vivado/Workspace/LAB4/Problem2/Problem2.srcs/sources_1/new/quadSevenSeg.v:69]
WARNING: [Synth 8-567] referenced signal 'num2' should be on the sensitivity list [D:/Vivado/Workspace/LAB4/Problem2/Problem2.srcs/sources_1/new/quadSevenSeg.v:69]
WARNING: [Synth 8-567] referenced signal 'num3' should be on the sensitivity list [D:/Vivado/Workspace/LAB4/Problem2/Problem2.srcs/sources_1/new/quadSevenSeg.v:69]
INFO: [Synth 8-6155] done synthesizing module 'quadSevenSeg' (4#1) [D:/Vivado/Workspace/LAB4/Problem2/Problem2.srcs/sources_1/new/quadSevenSeg.v:23]
INFO: [Synth 8-6155] done synthesizing module 'system' (5#1) [D:/Vivado/Workspace/LAB4/Problem2/Problem2.srcs/sources_1/new/system.v:23]
---------------------------------------------------------------------------------
Finished RTL Elaboration : Time (s): cpu = 00:00:08 ; elapsed = 00:00:15 . Memory (MB): peak = 1115.453 ; gain = 17.230
---------------------------------------------------------------------------------
---------------------------------------------------------------------------------
Start Handling Custom Attributes
---------------------------------------------------------------------------------
---------------------------------------------------------------------------------
Finished Handling Custom Attributes : Time (s): cpu = 00:00:08 ; elapsed = 00:00:16 . Memory (MB): peak = 1115.453 ; gain = 17.230
---------------------------------------------------------------------------------
---------------------------------------------------------------------------------
Finished RTL Optimization Phase 1 : Time (s): cpu = 00:00:08 ; elapsed = 00:00:16 . Memory (MB): peak = 1115.453 ; gain = 17.230
---------------------------------------------------------------------------------
Netlist sorting complete. Time (s): cpu = 00:00:00 ; elapsed = 00:00:00.016 . Memory (MB): peak = 1115.453 ; gain = 0.000
INFO: [Project 1-570] Preparing netlist for logic optimization

Processing XDC Constraints
Initializing timing engine
Parsing XDC File [D:/Vivado/Workspace/LAB4/Problem2/Problem2.srcs/constrs_1/new/Basys3.xdc]
CRITICAL WARNING: [Designutils 20-1307] Command 'Switches' is not supported in the xdc constraint file. [D:/Vivado/Workspace/LAB4/Problem2/Problem2.srcs/constrs_1/new/Basys3.xdc:11]
Finished Parsing XDC File [D:/Vivado/Workspace/LAB4/Problem2/Problem2.srcs/constrs_1/new/Basys3.xdc]
INFO: [Project 1-236] Implementation specific constraints were found while reading constraint file [D:/Vivado/Workspace/LAB4/Problem2/Problem2.srcs/constrs_1/new/Basys3.xdc]. These constraints will be ignored for synthesis but will be used in implementation. Impacted constraints are listed in the file [.Xil/system_propImpl.xdc].
Resolution: To avoid this warning, move constraints listed in [.Xil/system_propImpl.xdc] to another XDC file and exclude this new file from synthesis with the used_in_synthesis property (File Properties dialog in GUI) and re-run elaboration/synthesis.
Completed Processing XDC Constraints

Netlist sorting complete. Time (s): cpu = 00:00:00 ; elapsed = 00:00:00 . Memory (MB): peak = 1232.707 ; gain = 0.000
INFO: [Project 1-111] Unisim Transformation Summary:
No Unisim elements were transformed.

Constraint Validation Runtime : Time (s): cpu = 00:00:00 ; elapsed = 00:00:00.129 . Memory (MB): peak = 1232.707 ; gain = 0.000
---------------------------------------------------------------------------------
Finished Constraint Validation : Time (s): cpu = 00:00:16 ; elapsed = 00:00:29 . Memory (MB): peak = 1232.707 ; gain = 134.484
---------------------------------------------------------------------------------
---------------------------------------------------------------------------------
Start Loading Part and Timing Information
---------------------------------------------------------------------------------
Loading part: xc7a35tcpg236-1
---------------------------------------------------------------------------------
Finished Loading Part and Timing Information : Time (s): cpu = 00:00:16 ; elapsed = 00:00:29 . Memory (MB): peak = 1232.707 ; gain = 134.484
---------------------------------------------------------------------------------
---------------------------------------------------------------------------------
Start Applying 'set_property' XDC Constraints
---------------------------------------------------------------------------------
---------------------------------------------------------------------------------
Finished applying 'set_property' XDC Constraints : Time (s): cpu = 00:00:16 ; elapsed = 00:00:29 . Memory (MB): peak = 1232.707 ; gain = 134.484
---------------------------------------------------------------------------------
---------------------------------------------------------------------------------
Finished RTL Optimization Phase 2 : Time (s): cpu = 00:00:17 ; elapsed = 00:00:29 . Memory (MB): peak = 1232.707 ; gain = 134.484
---------------------------------------------------------------------------------
INFO: [Synth 8-223] decloning instance 'divTarget' (clockDiv) to 'genblk1[18].div'
---------------------------------------------------------------------------------
Start RTL Component Statistics 
---------------------------------------------------------------------------------
Detailed RTL Component Info : 
+---Adders : 
	   2 Input    4 Bit       Adders := 11    
	   2 Input    3 Bit       Adders := 1     
	   2 Input    2 Bit       Adders := 1     
+---Registers : 
	                4 Bit    Registers := 3     
	                2 Bit    Registers := 1     
	                1 Bit    Registers := 25    
+---Muxes : 
	   2 Input    4 Bit        Muxes := 7     
	   4 Input    4 Bit        Muxes := 2     
---------------------------------------------------------------------------------
Finished RTL Component Statistics 
---------------------------------------------------------------------------------
---------------------------------------------------------------------------------
Start Part Resource Summary
---------------------------------------------------------------------------------
Part Resources:
DSPs: 90 (col length:60)
BRAMs: 100 (col length: RAMB18 60 RAMB36 30)
---------------------------------------------------------------------------------
Finished Part Resource Summary
---------------------------------------------------------------------------------
---------------------------------------------------------------------------------
Start Cross Boundary and Area Optimization
---------------------------------------------------------------------------------
---------------------------------------------------------------------------------
Finished Cross Boundary and Area Optimization : Time (s): cpu = 00:00:19 ; elapsed = 00:00:33 . Memory (MB): peak = 1232.707 ; gain = 134.484
---------------------------------------------------------------------------------
---------------------------------------------------------------------------------
Start Applying XDC Timing Constraints
---------------------------------------------------------------------------------
---------------------------------------------------------------------------------
Finished Applying XDC Timing Constraints : Time (s): cpu = 00:00:28 ; elapsed = 00:00:41 . Memory (MB): peak = 1232.707 ; gain = 134.484
---------------------------------------------------------------------------------
---------------------------------------------------------------------------------
Start Timing Optimization
---------------------------------------------------------------------------------
---------------------------------------------------------------------------------
Finished Timing Optimization : Time (s): cpu = 00:00:28 ; elapsed = 00:00:41 . Memory (MB): peak = 1232.707 ; gain = 134.484
---------------------------------------------------------------------------------
---------------------------------------------------------------------------------
Start Technology Mapping
---------------------------------------------------------------------------------
---------------------------------------------------------------------------------
Finished Technology Mapping : Time (s): cpu = 00:00:28 ; elapsed = 00:00:42 . Memory (MB): peak = 1232.707 ; gain = 134.484
---------------------------------------------------------------------------------
---------------------------------------------------------------------------------
Start IO Insertion
---------------------------------------------------------------------------------
---------------------------------------------------------------------------------
Start Flattening Before IO Insertion
---------------------------------------------------------------------------------
---------------------------------------------------------------------------------
Finished Flattening Before IO Insertion
---------------------------------------------------------------------------------
---------------------------------------------------------------------------------
Start Final Netlist Cleanup
---------------------------------------------------------------------------------
---------------------------------------------------------------------------------
Finished Final Netlist Cleanup
---------------------------------------------------------------------------------
---------------------------------------------------------------------------------
Finished IO Insertion : Time (s): cpu = 00:00:33 ; elapsed = 00:00:46 . Memory (MB): peak = 1235.063 ; gain = 136.840
---------------------------------------------------------------------------------
---------------------------------------------------------------------------------
Start Renaming Generated Instances
---------------------------------------------------------------------------------
---------------------------------------------------------------------------------
Finished Renaming Generated Instances : Time (s): cpu = 00:00:33 ; elapsed = 00:00:46 . Memory (MB): peak = 1235.063 ; gain = 136.840
---------------------------------------------------------------------------------
---------------------------------------------------------------------------------
Start Rebuilding User Hierarchy
---------------------------------------------------------------------------------
---------------------------------------------------------------------------------
Finished Rebuilding User Hierarchy : Time (s): cpu = 00:00:33 ; elapsed = 00:00:46 . Memory (MB): peak = 1235.063 ; gain = 136.840
---------------------------------------------------------------------------------
---------------------------------------------------------------------------------
Start Renaming Generated Ports
---------------------------------------------------------------------------------
---------------------------------------------------------------------------------
Finished Renaming Generated Ports : Time (s): cpu = 00:00:33 ; elapsed = 00:00:46 . Memory (MB): peak = 1235.063 ; gain = 136.840
---------------------------------------------------------------------------------
---------------------------------------------------------------------------------
Start Handling Custom Attributes
---------------------------------------------------------------------------------
---------------------------------------------------------------------------------
Finished Handling Custom Attributes : Time (s): cpu = 00:00:33 ; elapsed = 00:00:46 . Memory (MB): peak = 1235.063 ; gain = 136.840
---------------------------------------------------------------------------------
---------------------------------------------------------------------------------
Start Renaming Generated Nets
---------------------------------------------------------------------------------
---------------------------------------------------------------------------------
Finished Renaming Generated Nets : Time (s): cpu = 00:00:33 ; elapsed = 00:00:46 . Memory (MB): peak = 1235.063 ; gain = 136.840
---------------------------------------------------------------------------------
---------------------------------------------------------------------------------
Start Writing Synthesis Report
---------------------------------------------------------------------------------

Report BlackBoxes: 
+-+--------------+----------+
| |BlackBox name |Instances |
+-+--------------+----------+
+-+--------------+----------+

Report Cell Usage: 
+------+-----+------+
|      |Cell |Count |
+------+-----+------+
|1     |BUFG |     1|
|2     |LUT1 |    20|
|3     |LUT2 |     5|
|4     |LUT4 |     9|
|5     |LUT5 |     4|
|6     |LUT6 |    10|
|7     |FDRE |    31|
|8     |IBUF |     9|
|9     |OBUF |    12|
+------+-----+------+
---------------------------------------------------------------------------------
Finished Writing Synthesis Report : Time (s): cpu = 00:00:33 ; elapsed = 00:00:46 . Memory (MB): peak = 1235.063 ; gain = 136.840
---------------------------------------------------------------------------------
Synthesis finished with 0 errors, 0 critical warnings and 0 warnings.
Synthesis Optimization Runtime : Time (s): cpu = 00:00:21 ; elapsed = 00:00:39 . Memory (MB): peak = 1235.063 ; gain = 19.586
Synthesis Optimization Complete : Time (s): cpu = 00:00:33 ; elapsed = 00:00:47 . Memory (MB): peak = 1235.063 ; gain = 136.840
INFO: [Project 1-571] Translating synthesized netlist
Netlist sorting complete. Time (s): cpu = 00:00:00 ; elapsed = 00:00:00.001 . Memory (MB): peak = 1248.098 ; gain = 0.000
INFO: [Project 1-570] Preparing netlist for logic optimization
INFO: [Opt 31-138] Pushed 0 inverter(s) to 0 load pin(s).
Netlist sorting complete. Time (s): cpu = 00:00:00 ; elapsed = 00:00:00.001 . Memory (MB): peak = 1249.094 ; gain = 0.000
INFO: [Project 1-111] Unisim Transformation Summary:
No Unisim elements were transformed.

INFO: [Common 17-83] Releasing license: Synthesis
24 Infos, 6 Warnings, 1 Critical Warnings and 0 Errors encountered.
synth_design completed successfully
synth_design: Time (s): cpu = 00:00:40 ; elapsed = 00:00:58 . Memory (MB): peak = 1249.094 ; gain = 150.871
INFO: [Common 17-1381] The checkpoint 'D:/Vivado/Workspace/LAB4/Problem2/Problem2.runs/synth_1/system.dcp' has been generated.
INFO: [runtcl-4] Executing : report_utilization -file system_utilization_synth.rpt -pb system_utilization_synth.pb
INFO: [Common 17-206] Exiting Vivado at Tue Oct 27 11:13:45 2020...
