
*** Running vivado
    with args -log system.vds -m64 -product Vivado -mode batch -messageDb vivado.pb -notrace -source system.tcl



****** Vivado v2020.1 (64-bit)
  **** SW Build 2902540 on Wed May 27 19:54:49 MDT 2020
  **** IP Build 2902112 on Wed May 27 22:43:36 MDT 2020
    ** Copyright 1986-2020 Xilinx, Inc. All Rights Reserved.

source system.tcl -notrace
create_project: Time (s): cpu = 00:00:11 ; elapsed = 00:00:21 . Memory (MB): peak = 1080.949 ; gain = 0.000
Command: synth_design -top system -part xc7a35tcpg236-1
Starting synth_design
Attempting to get a license for feature 'Synthesis' and/or device 'xc7a35t'
INFO: [Common 17-349] Got license for feature 'Synthesis' and/or device 'xc7a35t'
INFO: [Device 21-403] Loading part xc7a35tcpg236-1
INFO: [Synth 8-7079] Multithreading enabled for synth_design using a maximum of 2 processes.
INFO: [Synth 8-7078] Launching helper process for spawning children vivado processes
INFO: [Synth 8-7075] Helper process launched with PID 11068
WARNING: [Synth 8-2611] redeclaration of ansi port segments is not allowed [D:/Vivado/Workspace/LAB2/LAB2_1/LAB2_1.srcs/sources_1/new/7SegmentDecoder.v:15]
WARNING: [Synth 8-2611] redeclaration of ansi port clkDiv is not allowed [D:/Vivado/Workspace/LAB2/LAB2_1/LAB2_1.srcs/sources_1/new/clockdiv.v:28]
---------------------------------------------------------------------------------
Starting RTL Elaboration : Time (s): cpu = 00:00:19 ; elapsed = 00:00:30 . Memory (MB): peak = 1080.949 ; gain = 0.000
---------------------------------------------------------------------------------
INFO: [Synth 8-6157] synthesizing module 'system' [D:/Vivado/Workspace/LAB2/LAB2_1/LAB2_1.srcs/sources_1/new/System.v:23]
INFO: [Synth 8-6157] synthesizing module 'clockDiv' [D:/Vivado/Workspace/LAB2/LAB2_1/LAB2_1.srcs/sources_1/new/clockdiv.v:23]
INFO: [Synth 8-6155] done synthesizing module 'clockDiv' (1#1) [D:/Vivado/Workspace/LAB2/LAB2_1/LAB2_1.srcs/sources_1/new/clockdiv.v:23]
INFO: [Synth 8-6157] synthesizing module 'quadSevenSeg' [D:/Vivado/Workspace/LAB2/LAB2_1/LAB2_1.srcs/sources_1/new/quadSevenSeg.v:23]
INFO: [Synth 8-6157] synthesizing module 'hexTo7segment' [D:/Vivado/Workspace/LAB2/LAB2_1/LAB2_1.srcs/sources_1/new/7SegmentDecoder.v:10]
INFO: [Synth 8-6155] done synthesizing module 'hexTo7segment' (2#1) [D:/Vivado/Workspace/LAB2/LAB2_1/LAB2_1.srcs/sources_1/new/7SegmentDecoder.v:10]
WARNING: [Synth 8-567] referenced signal 'num0' should be on the sensitivity list [D:/Vivado/Workspace/LAB2/LAB2_1/LAB2_1.srcs/sources_1/new/quadSevenSeg.v:69]
WARNING: [Synth 8-567] referenced signal 'num1' should be on the sensitivity list [D:/Vivado/Workspace/LAB2/LAB2_1/LAB2_1.srcs/sources_1/new/quadSevenSeg.v:69]
WARNING: [Synth 8-567] referenced signal 'num2' should be on the sensitivity list [D:/Vivado/Workspace/LAB2/LAB2_1/LAB2_1.srcs/sources_1/new/quadSevenSeg.v:69]
WARNING: [Synth 8-567] referenced signal 'num3' should be on the sensitivity list [D:/Vivado/Workspace/LAB2/LAB2_1/LAB2_1.srcs/sources_1/new/quadSevenSeg.v:69]
INFO: [Synth 8-6155] done synthesizing module 'quadSevenSeg' (3#1) [D:/Vivado/Workspace/LAB2/LAB2_1/LAB2_1.srcs/sources_1/new/quadSevenSeg.v:23]
INFO: [Synth 8-6155] done synthesizing module 'system' (4#1) [D:/Vivado/Workspace/LAB2/LAB2_1/LAB2_1.srcs/sources_1/new/System.v:23]
---------------------------------------------------------------------------------
Finished RTL Elaboration : Time (s): cpu = 00:00:23 ; elapsed = 00:00:35 . Memory (MB): peak = 1112.578 ; gain = 31.629
---------------------------------------------------------------------------------
---------------------------------------------------------------------------------
Start Handling Custom Attributes
---------------------------------------------------------------------------------
---------------------------------------------------------------------------------
Finished Handling Custom Attributes : Time (s): cpu = 00:00:25 ; elapsed = 00:00:38 . Memory (MB): peak = 1112.578 ; gain = 31.629
---------------------------------------------------------------------------------
---------------------------------------------------------------------------------
Finished RTL Optimization Phase 1 : Time (s): cpu = 00:00:25 ; elapsed = 00:00:38 . Memory (MB): peak = 1112.578 ; gain = 31.629
---------------------------------------------------------------------------------
Netlist sorting complete. Time (s): cpu = 00:00:00 ; elapsed = 00:00:00.003 . Memory (MB): peak = 1112.578 ; gain = 0.000
INFO: [Project 1-570] Preparing netlist for logic optimization

Processing XDC Constraints
Initializing timing engine
Parsing XDC File [D:/Vivado/Workspace/LAB2/LAB2_1/LAB2_1.srcs/constrs_1/new/Basys3.xdc]
Finished Parsing XDC File [D:/Vivado/Workspace/LAB2/LAB2_1/LAB2_1.srcs/constrs_1/new/Basys3.xdc]
INFO: [Project 1-236] Implementation specific constraints were found while reading constraint file [D:/Vivado/Workspace/LAB2/LAB2_1/LAB2_1.srcs/constrs_1/new/Basys3.xdc]. These constraints will be ignored for synthesis but will be used in implementation. Impacted constraints are listed in the file [.Xil/system_propImpl.xdc].
Resolution: To avoid this warning, move constraints listed in [.Xil/system_propImpl.xdc] to another XDC file and exclude this new file from synthesis with the used_in_synthesis property (File Properties dialog in GUI) and re-run elaboration/synthesis.
Completed Processing XDC Constraints

Netlist sorting complete. Time (s): cpu = 00:00:00 ; elapsed = 00:00:00.001 . Memory (MB): peak = 1214.504 ; gain = 0.000
INFO: [Project 1-111] Unisim Transformation Summary:
No Unisim elements were transformed.

Constraint Validation Runtime : Time (s): cpu = 00:00:00 ; elapsed = 00:00:00.075 . Memory (MB): peak = 1214.504 ; gain = 0.000
---------------------------------------------------------------------------------
Finished Constraint Validation : Time (s): cpu = 00:00:49 ; elapsed = 00:01:06 . Memory (MB): peak = 1214.504 ; gain = 133.555
---------------------------------------------------------------------------------
---------------------------------------------------------------------------------
Start Loading Part and Timing Information
---------------------------------------------------------------------------------
Loading part: xc7a35tcpg236-1
---------------------------------------------------------------------------------
Finished Loading Part and Timing Information : Time (s): cpu = 00:00:49 ; elapsed = 00:01:06 . Memory (MB): peak = 1214.504 ; gain = 133.555
---------------------------------------------------------------------------------
---------------------------------------------------------------------------------
Start Applying 'set_property' XDC Constraints
---------------------------------------------------------------------------------
---------------------------------------------------------------------------------
Finished applying 'set_property' XDC Constraints : Time (s): cpu = 00:00:50 ; elapsed = 00:01:06 . Memory (MB): peak = 1214.504 ; gain = 133.555
---------------------------------------------------------------------------------
---------------------------------------------------------------------------------
Finished RTL Optimization Phase 2 : Time (s): cpu = 00:00:50 ; elapsed = 00:01:07 . Memory (MB): peak = 1214.504 ; gain = 133.555
---------------------------------------------------------------------------------
---------------------------------------------------------------------------------
Start RTL Component Statistics 
---------------------------------------------------------------------------------
Detailed RTL Component Info : 
+---Adders : 
	   2 Input    2 Bit       Adders := 1     
+---Registers : 
	                2 Bit    Registers := 1     
	                1 Bit    Registers := 19    
+---Muxes : 
	   4 Input    4 Bit        Muxes := 2     
---------------------------------------------------------------------------------
Finished RTL Component Statistics 
---------------------------------------------------------------------------------
---------------------------------------------------------------------------------
Start Part Resource Summary
---------------------------------------------------------------------------------
Part Resources:
DSPs: 90 (col length:60)
BRAMs: 100 (col length: RAMB18 60 RAMB36 30)
---------------------------------------------------------------------------------
Finished Part Resource Summary
---------------------------------------------------------------------------------
---------------------------------------------------------------------------------
Start Cross Boundary and Area Optimization
---------------------------------------------------------------------------------
---------------------------------------------------------------------------------
Finished Cross Boundary and Area Optimization : Time (s): cpu = 00:00:56 ; elapsed = 00:01:14 . Memory (MB): peak = 1214.504 ; gain = 133.555
---------------------------------------------------------------------------------
---------------------------------------------------------------------------------
Start Applying XDC Timing Constraints
---------------------------------------------------------------------------------
---------------------------------------------------------------------------------
Finished Applying XDC Timing Constraints : Time (s): cpu = 00:01:25 ; elapsed = 00:01:43 . Memory (MB): peak = 1214.504 ; gain = 133.555
---------------------------------------------------------------------------------
---------------------------------------------------------------------------------
Start Timing Optimization
---------------------------------------------------------------------------------
---------------------------------------------------------------------------------
Finished Timing Optimization : Time (s): cpu = 00:01:25 ; elapsed = 00:01:43 . Memory (MB): peak = 1214.504 ; gain = 133.555
---------------------------------------------------------------------------------
---------------------------------------------------------------------------------
Start Technology Mapping
---------------------------------------------------------------------------------
---------------------------------------------------------------------------------
Finished Technology Mapping : Time (s): cpu = 00:01:25 ; elapsed = 00:01:44 . Memory (MB): peak = 1231.387 ; gain = 150.438
---------------------------------------------------------------------------------
---------------------------------------------------------------------------------
Start IO Insertion
---------------------------------------------------------------------------------
---------------------------------------------------------------------------------
Start Flattening Before IO Insertion
---------------------------------------------------------------------------------
---------------------------------------------------------------------------------
Finished Flattening Before IO Insertion
---------------------------------------------------------------------------------
---------------------------------------------------------------------------------
Start Final Netlist Cleanup
---------------------------------------------------------------------------------
---------------------------------------------------------------------------------
Finished Final Netlist Cleanup
---------------------------------------------------------------------------------
---------------------------------------------------------------------------------
Finished IO Insertion : Time (s): cpu = 00:01:45 ; elapsed = 00:02:04 . Memory (MB): peak = 1236.188 ; gain = 155.238
---------------------------------------------------------------------------------
---------------------------------------------------------------------------------
Start Renaming Generated Instances
---------------------------------------------------------------------------------
---------------------------------------------------------------------------------
Finished Renaming Generated Instances : Time (s): cpu = 00:01:45 ; elapsed = 00:02:04 . Memory (MB): peak = 1236.188 ; gain = 155.238
---------------------------------------------------------------------------------
---------------------------------------------------------------------------------
Start Rebuilding User Hierarchy
---------------------------------------------------------------------------------
---------------------------------------------------------------------------------
Finished Rebuilding User Hierarchy : Time (s): cpu = 00:01:45 ; elapsed = 00:02:04 . Memory (MB): peak = 1236.188 ; gain = 155.238
---------------------------------------------------------------------------------
---------------------------------------------------------------------------------
Start Renaming Generated Ports
---------------------------------------------------------------------------------
---------------------------------------------------------------------------------
Finished Renaming Generated Ports : Time (s): cpu = 00:01:45 ; elapsed = 00:02:04 . Memory (MB): peak = 1236.188 ; gain = 155.238
---------------------------------------------------------------------------------
---------------------------------------------------------------------------------
Start Handling Custom Attributes
---------------------------------------------------------------------------------
---------------------------------------------------------------------------------
Finished Handling Custom Attributes : Time (s): cpu = 00:01:45 ; elapsed = 00:02:04 . Memory (MB): peak = 1236.188 ; gain = 155.238
---------------------------------------------------------------------------------
---------------------------------------------------------------------------------
Start Renaming Generated Nets
---------------------------------------------------------------------------------
---------------------------------------------------------------------------------
Finished Renaming Generated Nets : Time (s): cpu = 00:01:45 ; elapsed = 00:02:04 . Memory (MB): peak = 1236.188 ; gain = 155.238
---------------------------------------------------------------------------------
---------------------------------------------------------------------------------
Start Writing Synthesis Report
---------------------------------------------------------------------------------

Report BlackBoxes: 
+-+--------------+----------+
| |BlackBox name |Instances |
+-+--------------+----------+
+-+--------------+----------+

Report Cell Usage: 
+------+-----+------+
|      |Cell |Count |
+------+-----+------+
|1     |BUFG |     1|
|2     |LUT1 |    20|
|3     |LUT2 |    10|
|4     |FDRE |    21|
|5     |IBUF |     1|
|6     |OBUF |    12|
+------+-----+------+
---------------------------------------------------------------------------------
Finished Writing Synthesis Report : Time (s): cpu = 00:01:45 ; elapsed = 00:02:04 . Memory (MB): peak = 1236.188 ; gain = 155.238
---------------------------------------------------------------------------------
Synthesis finished with 0 errors, 0 critical warnings and 0 warnings.
Synthesis Optimization Runtime : Time (s): cpu = 00:01:12 ; elapsed = 00:01:53 . Memory (MB): peak = 1236.188 ; gain = 53.313
Synthesis Optimization Complete : Time (s): cpu = 00:01:46 ; elapsed = 00:02:05 . Memory (MB): peak = 1236.188 ; gain = 155.238
INFO: [Project 1-571] Translating synthesized netlist
Netlist sorting complete. Time (s): cpu = 00:00:00 ; elapsed = 00:00:00.002 . Memory (MB): peak = 1247.656 ; gain = 0.000
INFO: [Project 1-570] Preparing netlist for logic optimization
INFO: [Opt 31-138] Pushed 0 inverter(s) to 0 load pin(s).
Netlist sorting complete. Time (s): cpu = 00:00:00 ; elapsed = 00:00:00.001 . Memory (MB): peak = 1254.727 ; gain = 0.000
INFO: [Project 1-111] Unisim Transformation Summary:
No Unisim elements were transformed.

INFO: [Common 17-83] Releasing license: Synthesis
21 Infos, 6 Warnings, 0 Critical Warnings and 0 Errors encountered.
synth_design completed successfully
synth_design: Time (s): cpu = 00:02:10 ; elapsed = 00:03:08 . Memory (MB): peak = 1254.727 ; gain = 173.777
INFO: [Common 17-1381] The checkpoint 'D:/Vivado/Workspace/LAB2/LAB2_1/LAB2_1.runs/synth_1/system.dcp' has been generated.
INFO: [runtcl-4] Executing : report_utilization -file system_utilization_synth.rpt -pb system_utilization_synth.pb
INFO: [Common 17-206] Exiting Vivado at Mon Sep 14 20:14:56 2020...
