Copyright 1986-2020 Xilinx, Inc. All Rights Reserved.
------------------------------------------------------------------------------------
| Tool Version : Vivado v.2020.1 (win64) Build 2902540 Wed May 27 19:54:49 MDT 2020
| Date         : Sun Sep 20 17:56:02 2020
| Host         : Lee-Dell running 64-bit major release  (build 9200)
| Command      : report_control_sets -verbose -file system_control_sets_placed.rpt
| Design       : system
| Device       : xc7a35t
------------------------------------------------------------------------------------

Control Set Information

Table of Contents
-----------------
1. Summary
2. Histogram
3. Flip-Flop Distribution
4. Detailed Control Set Information

1. Summary
----------

+----------------------------------------------------------+-------+
|                          Status                          | Count |
+----------------------------------------------------------+-------+
| Total control sets                                       |    22 |
|    Minimum number of control sets                        |    22 |
|    Addition due to synthesis replication                 |     0 |
|    Addition due to physical synthesis replication        |     0 |
| Unused register locations in slices containing registers |   139 |
+----------------------------------------------------------+-------+
* Control sets can be merged at opt_design using control_set_merge or merge_equivalent_drivers
** Run report_qor_suggestions for automated merging and remapping suggestions


2. Histogram
------------

+--------------------+-------+
|       Fanout       | Count |
+--------------------+-------+
| Total control sets |    22 |
| >= 0 to < 4        |    18 |
| >= 4 to < 6        |     0 |
| >= 6 to < 8        |     0 |
| >= 8 to < 10       |     2 |
| >= 10 to < 12      |     0 |
| >= 12 to < 14      |     0 |
| >= 14 to < 16      |     0 |
| >= 16              |     2 |
+--------------------+-------+
* Control sets can be remapped at either synth_design or opt_design


3. Flip-Flop Distribution
-------------------------

+--------------+-----------------------+------------------------+-----------------+--------------+
| Clock Enable | Synchronous Set/Reset | Asynchronous Set/Reset | Total Registers | Total Slices |
+--------------+-----------------------+------------------------+-----------------+--------------+
| No           | No                    | No                     |              61 |           35 |
| No           | No                    | Yes                    |               0 |            0 |
| No           | Yes                   | No                     |              16 |            7 |
| Yes          | No                    | No                     |               0 |            0 |
| Yes          | No                    | Yes                    |               0 |            0 |
| Yes          | Yes                   | No                     |               0 |            0 |
+--------------+-----------------------+------------------------+-----------------+--------------+


4. Detailed Control Set Information
-----------------------------------

+-------------------------------+---------------+------------------+------------------+----------------+--------------+
|          Clock Signal         | Enable Signal | Set/Reset Signal | Slice Load Count | Bel Load Count | Bels / Slice |
+-------------------------------+---------------+------------------+------------------+----------------+--------------+
|  genblk2[9].div/clkDiv_reg_0  |               |                  |                1 |              1 |         1.00 |
|  genblk2[8].div/clkDiv_reg_0  |               |                  |                1 |              1 |         1.00 |
|  genblk2[6].div/clkDiv_reg_0  |               |                  |                1 |              1 |         1.00 |
|  genblk2[7].div/clkDiv_reg_0  |               |                  |                1 |              1 |         1.00 |
|  genblk2[10].div/clkDiv_reg_0 |               |                  |                1 |              1 |         1.00 |
|  genblk2[13].div/clkDiv_reg_0 |               |                  |                1 |              1 |         1.00 |
|  genblk2[11].div/clkDiv_reg_0 |               |                  |                1 |              1 |         1.00 |
|  genblk2[12].div/clkDiv_reg_0 |               |                  |                1 |              1 |         1.00 |
|  genblk2[14].div/clkDiv_reg_0 |               |                  |                1 |              1 |         1.00 |
|  genblk2[0].div/clkDiv_reg_0  |               |                  |                1 |              1 |         1.00 |
|  genblk2[15].div/clkDiv_reg_0 |               |                  |                1 |              1 |         1.00 |
|  genblk2[16].div/clkDiv_reg_0 |               |                  |                1 |              1 |         1.00 |
|  genblk2[3].div/clkDiv_reg_0  |               |                  |                1 |              1 |         1.00 |
|  genblk2[2].div/clkDiv_reg_0  |               |                  |                1 |              1 |         1.00 |
|  genblk2[17].div/clkDiv       |               |                  |                1 |              1 |         1.00 |
|  genblk2[1].div/clkDiv_reg_0  |               |                  |                1 |              1 |         1.00 |
|  genblk2[4].div/clkDiv_reg_0  |               |                  |                1 |              1 |         1.00 |
|  genblk2[5].div/clkDiv_reg_0  |               |                  |                1 |              1 |         1.00 |
|  clk_IBUF_BUFG                |               | BCD0/cout_reg_0  |                2 |              8 |         4.00 |
|  clk_IBUF_BUFG                |               | BCD0/set9        |                5 |              8 |         1.60 |
|  divTarget/CLK                |               |                  |                7 |             18 |         2.57 |
|  clk_IBUF_BUFG                |               |                  |               10 |             25 |         2.50 |
+-------------------------------+---------------+------------------+------------------+----------------+--------------+


