
*** Running vivado
    with args -log system.vdi -applog -m64 -product Vivado -messageDb vivado.pb -mode batch -source system.tcl -notrace



*** Running vivado
    with args -log system.vdi -applog -m64 -product Vivado -messageDb vivado.pb -mode batch -source system.tcl -notrace



****** Vivado v2020.1 (64-bit)
  **** SW Build 2902540 on Wed May 27 19:54:49 MDT 2020
  **** IP Build 2902112 on Wed May 27 22:43:36 MDT 2020
    ** Copyright 1986-2020 Xilinx, Inc. All Rights Reserved.

source system.tcl -notrace
create_project: Time (s): cpu = 00:00:13 ; elapsed = 00:00:36 . Memory (MB): peak = 1111.270 ; gain = 0.000
Command: link_design -top system -part xc7a35tcpg236-1
Design is defaulting to srcset: sources_1
Design is defaulting to constrset: constrs_1
INFO: [Device 21-403] Loading part xc7a35tcpg236-1
Netlist sorting complete. Time (s): cpu = 00:00:00 ; elapsed = 00:00:00.003 . Memory (MB): peak = 1111.270 ; gain = 0.000
INFO: [Project 1-479] Netlist was created with Vivado 2020.1
INFO: [Project 1-570] Preparing netlist for logic optimization
Parsing XDC File [D:/Vivado/Workspace/LAB2/LAB2_1/LAB2_1.srcs/constrs_1/new/Basys3.xdc]
Finished Parsing XDC File [D:/Vivado/Workspace/LAB2/LAB2_1/LAB2_1.srcs/constrs_1/new/Basys3.xdc]
INFO: [Opt 31-138] Pushed 0 inverter(s) to 0 load pin(s).
Netlist sorting complete. Time (s): cpu = 00:00:00 ; elapsed = 00:00:00 . Memory (MB): peak = 1111.270 ; gain = 0.000
INFO: [Project 1-111] Unisim Transformation Summary:
No Unisim elements were transformed.

5 Infos, 0 Warnings, 0 Critical Warnings and 0 Errors encountered.
link_design completed successfully
link_design: Time (s): cpu = 00:00:33 ; elapsed = 00:01:31 . Memory (MB): peak = 1111.270 ; gain = 0.000
Command: opt_design
Attempting to get a license for feature 'Implementation' and/or device 'xc7a35t'
INFO: [Common 17-349] Got license for feature 'Implementation' and/or device 'xc7a35t'
Running DRC as a precondition to command opt_design

Starting DRC Task
INFO: [DRC 23-27] Running DRC with 2 threads
INFO: [Project 1-461] DRC finished with 0 Errors
INFO: [Project 1-462] Please refer to the DRC report (report_drc) for more information.

Time (s): cpu = 00:00:07 ; elapsed = 00:00:05 . Memory (MB): peak = 1111.270 ; gain = 0.000

Starting Cache Timing Information Task
INFO: [Timing 38-35] Done setting XDC timing constraints.
Ending Cache Timing Information Task | Checksum: 17ac8f447

Time (s): cpu = 00:00:34 ; elapsed = 00:00:36 . Memory (MB): peak = 1498.691 ; gain = 387.422

Starting Logic Optimization Task

Phase 1 Retarget
INFO: [Opt 31-138] Pushed 0 inverter(s) to 0 load pin(s).
INFO: [Opt 31-49] Retargeted 0 cell(s).
Phase 1 Retarget | Checksum: 17ac8f447

Time (s): cpu = 00:00:00 ; elapsed = 00:00:00.436 . Memory (MB): peak = 1700.879 ; gain = 0.000
INFO: [Opt 31-389] Phase Retarget created 0 cells and removed 0 cells

Phase 2 Constant propagation
INFO: [Opt 31-138] Pushed 0 inverter(s) to 0 load pin(s).
Phase 2 Constant propagation | Checksum: 17ac8f447

Time (s): cpu = 00:00:00 ; elapsed = 00:00:00.477 . Memory (MB): peak = 1700.879 ; gain = 0.000
INFO: [Opt 31-389] Phase Constant propagation created 0 cells and removed 0 cells

Phase 3 Sweep
Phase 3 Sweep | Checksum: 17ac8f447

Time (s): cpu = 00:00:00 ; elapsed = 00:00:00.539 . Memory (MB): peak = 1700.879 ; gain = 0.000
INFO: [Opt 31-389] Phase Sweep created 0 cells and removed 0 cells

Phase 4 BUFG optimization
Phase 4 BUFG optimization | Checksum: 17ac8f447

Time (s): cpu = 00:00:00 ; elapsed = 00:00:00.620 . Memory (MB): peak = 1700.879 ; gain = 0.000
INFO: [Opt 31-662] Phase BUFG optimization created 0 cells of which 0 are BUFGs and removed 0 cells.

Phase 5 Shift Register Optimization
INFO: [Opt 31-1064] SRL Remap converted 0 SRLs to 0 registers and converted 0 registers of register chains to 0 SRLs
Phase 5 Shift Register Optimization | Checksum: 17ac8f447

Time (s): cpu = 00:00:00 ; elapsed = 00:00:00.636 . Memory (MB): peak = 1700.879 ; gain = 0.000
INFO: [Opt 31-389] Phase Shift Register Optimization created 0 cells and removed 0 cells

Phase 6 Post Processing Netlist
Phase 6 Post Processing Netlist | Checksum: 17ac8f447

Time (s): cpu = 00:00:00 ; elapsed = 00:00:00.675 . Memory (MB): peak = 1700.879 ; gain = 0.000
INFO: [Opt 31-389] Phase Post Processing Netlist created 0 cells and removed 0 cells
Opt_design Change Summary
=========================


-------------------------------------------------------------------------------------------------------------------------
|  Phase                        |  #Cells created  |  #Cells Removed  |  #Constrained objects preventing optimizations  |
-------------------------------------------------------------------------------------------------------------------------
|  Retarget                     |               0  |               0  |                                              0  |
|  Constant propagation         |               0  |               0  |                                              0  |
|  Sweep                        |               0  |               0  |                                              0  |
|  BUFG optimization            |               0  |               0  |                                              0  |
|  Shift Register Optimization  |               0  |               0  |                                              0  |
|  Post Processing Netlist      |               0  |               0  |                                              0  |
-------------------------------------------------------------------------------------------------------------------------



Starting Connectivity Check Task

Time (s): cpu = 00:00:00 ; elapsed = 00:00:00.002 . Memory (MB): peak = 1700.879 ; gain = 0.000
Ending Logic Optimization Task | Checksum: 17ac8f447

Time (s): cpu = 00:00:00 ; elapsed = 00:00:00.684 . Memory (MB): peak = 1700.879 ; gain = 0.000

Starting Power Optimization Task
INFO: [Pwropt 34-132] Skipping clock gating for clocks with a period < 2.00 ns.
Ending Power Optimization Task | Checksum: 17ac8f447

Time (s): cpu = 00:00:00 ; elapsed = 00:00:00.157 . Memory (MB): peak = 1700.879 ; gain = 0.000

Starting Final Cleanup Task
Ending Final Cleanup Task | Checksum: 17ac8f447

Time (s): cpu = 00:00:00 ; elapsed = 00:00:00.001 . Memory (MB): peak = 1700.879 ; gain = 0.000

Starting Netlist Obfuscation Task
Netlist sorting complete. Time (s): cpu = 00:00:00 ; elapsed = 00:00:00.001 . Memory (MB): peak = 1700.879 ; gain = 0.000
Ending Netlist Obfuscation Task | Checksum: 17ac8f447

Time (s): cpu = 00:00:00 ; elapsed = 00:00:00.001 . Memory (MB): peak = 1700.879 ; gain = 0.000
INFO: [Common 17-83] Releasing license: Implementation
22 Infos, 0 Warnings, 0 Critical Warnings and 0 Errors encountered.
opt_design completed successfully
opt_design: Time (s): cpu = 00:00:49 ; elapsed = 00:00:51 . Memory (MB): peak = 1700.879 ; gain = 589.609
INFO: [Timing 38-480] Writing timing data to binary archive.
Writing placer database...
Writing XDEF routing.
Writing XDEF routing logical nets.
Writing XDEF routing special nets.
Write XDEF Complete: Time (s): cpu = 00:00:01 ; elapsed = 00:00:00.327 . Memory (MB): peak = 1700.879 ; gain = 0.000
INFO: [Common 17-1381] The checkpoint 'D:/Vivado/Workspace/LAB2/LAB2_1/LAB2_1.runs/impl_1/system_opt.dcp' has been generated.
INFO: [runtcl-4] Executing : report_drc -file system_drc_opted.rpt -pb system_drc_opted.pb -rpx system_drc_opted.rpx
Command: report_drc -file system_drc_opted.rpt -pb system_drc_opted.pb -rpx system_drc_opted.rpx
INFO: [IP_Flow 19-234] Refreshing IP repositories
INFO: [IP_Flow 19-1704] No user IP repositories specified
INFO: [IP_Flow 19-2313] Loaded Vivado IP repository 'D:/Vivado/Vivado/2020.1/data/ip'.
INFO: [DRC 23-27] Running DRC with 2 threads
INFO: [Coretcl 2-168] The results of DRC are in file D:/Vivado/Workspace/LAB2/LAB2_1/LAB2_1.runs/impl_1/system_drc_opted.rpt.
report_drc completed successfully
report_drc: Time (s): cpu = 00:00:13 ; elapsed = 00:00:22 . Memory (MB): peak = 1700.879 ; gain = 0.000
Command: place_design
Attempting to get a license for feature 'Implementation' and/or device 'xc7a35t'
INFO: [Common 17-349] Got license for feature 'Implementation' and/or device 'xc7a35t'
INFO: [DRC 23-27] Running DRC with 2 threads
INFO: [Vivado_Tcl 4-198] DRC finished with 0 Errors
INFO: [Vivado_Tcl 4-199] Please refer to the DRC report (report_drc) for more information.
Running DRC as a precondition to command place_design
INFO: [DRC 23-27] Running DRC with 2 threads
INFO: [Vivado_Tcl 4-198] DRC finished with 0 Errors
INFO: [Vivado_Tcl 4-199] Please refer to the DRC report (report_drc) for more information.

Starting Placer Task
INFO: [Place 30-611] Multithreading enabled for place_design using a maximum of 2 CPUs

Phase 1 Placer Initialization

Phase 1.1 Placer Initialization Netlist Sorting
Netlist sorting complete. Time (s): cpu = 00:00:00 ; elapsed = 00:00:00.001 . Memory (MB): peak = 1700.879 ; gain = 0.000
Phase 1.1 Placer Initialization Netlist Sorting | Checksum: d61878ee

Time (s): cpu = 00:00:01 ; elapsed = 00:00:00.223 . Memory (MB): peak = 1700.879 ; gain = 0.000
Netlist sorting complete. Time (s): cpu = 00:00:00 ; elapsed = 00:00:00.001 . Memory (MB): peak = 1700.879 ; gain = 0.000

Phase 1.2 IO Placement/ Clock Placement/ Build Placer Device
INFO: [Timing 38-35] Done setting XDC timing constraints.
Phase 1.2 IO Placement/ Clock Placement/ Build Placer Device | Checksum: 7c7e9328

Time (s): cpu = 00:00:04 ; elapsed = 00:00:04 . Memory (MB): peak = 1700.879 ; gain = 0.000

Phase 1.3 Build Placer Netlist Model
Phase 1.3 Build Placer Netlist Model | Checksum: 146504c81

Time (s): cpu = 00:00:05 ; elapsed = 00:00:05 . Memory (MB): peak = 1700.879 ; gain = 0.000

Phase 1.4 Constrain Clocks/Macros
Phase 1.4 Constrain Clocks/Macros | Checksum: 146504c81

Time (s): cpu = 00:00:05 ; elapsed = 00:00:05 . Memory (MB): peak = 1700.879 ; gain = 0.000
Phase 1 Placer Initialization | Checksum: 146504c81

Time (s): cpu = 00:00:05 ; elapsed = 00:00:05 . Memory (MB): peak = 1700.879 ; gain = 0.000

Phase 2 Global Placement

Phase 2.1 Floorplanning
Phase 2.1 Floorplanning | Checksum: bc52679f

Time (s): cpu = 00:00:05 ; elapsed = 00:00:06 . Memory (MB): peak = 1700.879 ; gain = 0.000

Phase 2.2 Global Placement Core

Phase 2.2.1 Physical Synthesis In Placer
INFO: [Physopt 32-1044] Break lutnm for timing: one critical 0, two critical 0, total 0, new lutff created 0
INFO: [Physopt 32-775] End 1 Pass. Optimized 0 net or cell. Created 0 new cell, deleted 0 existing cell and moved 0 existing cell
INFO: [Physopt 32-65] No nets found for high-fanout optimization.
INFO: [Physopt 32-232] Optimized 0 net. Created 0 new instance.
INFO: [Physopt 32-775] End 1 Pass. Optimized 0 net or cell. Created 0 new cell, deleted 0 existing cell and moved 0 existing cell
INFO: [Physopt 32-670] No setup violation found.  DSP Register Optimization was not performed.
INFO: [Physopt 32-670] No setup violation found.  Shift Register to Pipeline Optimization was not performed.
INFO: [Physopt 32-670] No setup violation found.  Shift Register Optimization was not performed.
INFO: [Physopt 32-670] No setup violation found.  BRAM Register Optimization was not performed.
INFO: [Physopt 32-670] No setup violation found.  URAM Register Optimization was not performed.
INFO: [Physopt 32-949] No candidate nets found for HD net replication
INFO: [Physopt 32-775] End 1 Pass. Optimized 0 net or cell. Created 0 new cell, deleted 0 existing cell and moved 0 existing cell
Netlist sorting complete. Time (s): cpu = 00:00:00 ; elapsed = 00:00:00 . Memory (MB): peak = 1700.879 ; gain = 0.000

Summary of Physical Synthesis Optimizations
============================================


-----------------------------------------------------------------------------------------------------------------------------------------------------------
|  Optimization                                     |  Added Cells  |  Removed Cells  |  Optimized Cells/Nets  |  Dont Touch  |  Iterations  |  Elapsed   |
-----------------------------------------------------------------------------------------------------------------------------------------------------------
|  LUT Combining                                    |            0  |              0  |                     0  |           0  |           1  |  00:00:00  |
|  Very High Fanout                                 |            0  |              0  |                     0  |           0  |           1  |  00:00:00  |
|  DSP Register                                     |            0  |              0  |                     0  |           0  |           0  |  00:00:00  |
|  Shift Register to Pipeline                       |            0  |              0  |                     0  |           0  |           0  |  00:00:00  |
|  Shift Register                                   |            0  |              0  |                     0  |           0  |           0  |  00:00:00  |
|  BRAM Register                                    |            0  |              0  |                     0  |           0  |           0  |  00:00:00  |
|  URAM Register                                    |            0  |              0  |                     0  |           0  |           0  |  00:00:00  |
|  Dynamic/Static Region Interface Net Replication  |            0  |              0  |                     0  |           0  |           1  |  00:00:00  |
|  Total                                            |            0  |              0  |                     0  |           0  |           3  |  00:00:00  |
-----------------------------------------------------------------------------------------------------------------------------------------------------------


Phase 2.2.1 Physical Synthesis In Placer | Checksum: f2e5a009

Time (s): cpu = 00:00:08 ; elapsed = 00:00:08 . Memory (MB): peak = 1700.879 ; gain = 0.000
Phase 2.2 Global Placement Core | Checksum: a18b0fab

Time (s): cpu = 00:00:08 ; elapsed = 00:00:09 . Memory (MB): peak = 1700.879 ; gain = 0.000
Phase 2 Global Placement | Checksum: a18b0fab

Time (s): cpu = 00:00:08 ; elapsed = 00:00:09 . Memory (MB): peak = 1700.879 ; gain = 0.000

Phase 3 Detail Placement

Phase 3.1 Commit Multi Column Macros
Phase 3.1 Commit Multi Column Macros | Checksum: b2df0236

Time (s): cpu = 00:00:08 ; elapsed = 00:00:09 . Memory (MB): peak = 1700.879 ; gain = 0.000

Phase 3.2 Commit Most Macros & LUTRAMs
Phase 3.2 Commit Most Macros & LUTRAMs | Checksum: 15ac51ef3

Time (s): cpu = 00:00:08 ; elapsed = 00:00:09 . Memory (MB): peak = 1700.879 ; gain = 0.000

Phase 3.3 Area Swap Optimization
Phase 3.3 Area Swap Optimization | Checksum: e1698973

Time (s): cpu = 00:00:08 ; elapsed = 00:00:09 . Memory (MB): peak = 1700.879 ; gain = 0.000

Phase 3.4 Pipeline Register Optimization
Phase 3.4 Pipeline Register Optimization | Checksum: 14195a07c

Time (s): cpu = 00:00:08 ; elapsed = 00:00:09 . Memory (MB): peak = 1700.879 ; gain = 0.000

Phase 3.5 Small Shape Detail Placement
Phase 3.5 Small Shape Detail Placement | Checksum: 13caa54f8

Time (s): cpu = 00:00:09 ; elapsed = 00:00:10 . Memory (MB): peak = 1700.879 ; gain = 0.000

Phase 3.6 Re-assign LUT pins
Phase 3.6 Re-assign LUT pins | Checksum: 13caa54f8

Time (s): cpu = 00:00:09 ; elapsed = 00:00:10 . Memory (MB): peak = 1700.879 ; gain = 0.000

Phase 3.7 Pipeline Register Optimization
Phase 3.7 Pipeline Register Optimization | Checksum: 9c9839e9

Time (s): cpu = 00:00:09 ; elapsed = 00:00:10 . Memory (MB): peak = 1700.879 ; gain = 0.000
Phase 3 Detail Placement | Checksum: 9c9839e9

Time (s): cpu = 00:00:09 ; elapsed = 00:00:10 . Memory (MB): peak = 1700.879 ; gain = 0.000

Phase 4 Post Placement Optimization and Clean-Up

Phase 4.1 Post Commit Optimization
INFO: [Timing 38-35] Done setting XDC timing constraints.

Phase 4.1.1 Post Placement Optimization
Post Placement Optimization Initialization | Checksum: 14d2d072c

Phase 4.1.1.1 BUFG Insertion

Starting Physical Synthesis Task

Phase 1 Physical Synthesis Initialization
INFO: [Physopt 32-721] Multithreading enabled for phys_opt_design using a maximum of 2 CPUs
INFO: [Physopt 32-619] Estimated Timing Summary | WNS=8.885 | TNS=0.000 |
Phase 1 Physical Synthesis Initialization | Checksum: 1c2bd573b

Time (s): cpu = 00:00:01 ; elapsed = 00:00:00.059 . Memory (MB): peak = 1713.551 ; gain = 0.000
INFO: [Place 46-56] BUFG insertion identified 0 candidate nets. Inserted BUFG: 0, Replicated BUFG Driver: 0, Skipped due to Placement/Routing Conflicts: 0, Skipped due to Timing Degradation: 0, Skipped due to Illegal Netlist: 0.
Ending Physical Synthesis Task | Checksum: 1949ce49a

Time (s): cpu = 00:00:01 ; elapsed = 00:00:00.076 . Memory (MB): peak = 1713.551 ; gain = 0.000
Phase 4.1.1.1 BUFG Insertion | Checksum: 14d2d072c

Time (s): cpu = 00:00:10 ; elapsed = 00:00:10 . Memory (MB): peak = 1713.551 ; gain = 12.672
INFO: [Place 30-746] Post Placement Timing Summary WNS=8.885. For the most accurate timing information please run report_timing.
Phase 4.1.1 Post Placement Optimization | Checksum: 1d957da1e

Time (s): cpu = 00:00:10 ; elapsed = 00:00:10 . Memory (MB): peak = 1713.551 ; gain = 12.672
Phase 4.1 Post Commit Optimization | Checksum: 1d957da1e

Time (s): cpu = 00:00:10 ; elapsed = 00:00:10 . Memory (MB): peak = 1713.551 ; gain = 12.672

Phase 4.2 Post Placement Cleanup
Phase 4.2 Post Placement Cleanup | Checksum: 1d957da1e

Time (s): cpu = 00:00:10 ; elapsed = 00:00:10 . Memory (MB): peak = 1713.551 ; gain = 12.672

Phase 4.3 Placer Reporting
Phase 4.3 Placer Reporting | Checksum: 1d957da1e

Time (s): cpu = 00:00:10 ; elapsed = 00:00:10 . Memory (MB): peak = 1713.551 ; gain = 12.672

Phase 4.4 Final Placement Cleanup
Netlist sorting complete. Time (s): cpu = 00:00:00 ; elapsed = 00:00:00.001 . Memory (MB): peak = 1713.551 ; gain = 0.000
Phase 4.4 Final Placement Cleanup | Checksum: 20184cdd4

Time (s): cpu = 00:00:10 ; elapsed = 00:00:10 . Memory (MB): peak = 1713.551 ; gain = 12.672
Phase 4 Post Placement Optimization and Clean-Up | Checksum: 20184cdd4

Time (s): cpu = 00:00:10 ; elapsed = 00:00:10 . Memory (MB): peak = 1713.551 ; gain = 12.672
Ending Placer Task | Checksum: 118195cf7

Time (s): cpu = 00:00:10 ; elapsed = 00:00:10 . Memory (MB): peak = 1713.551 ; gain = 12.672
INFO: [Common 17-83] Releasing license: Implementation
57 Infos, 0 Warnings, 0 Critical Warnings and 0 Errors encountered.
place_design completed successfully
place_design: Time (s): cpu = 00:00:19 ; elapsed = 00:00:16 . Memory (MB): peak = 1713.551 ; gain = 12.672
INFO: [Timing 38-480] Writing timing data to binary archive.
Writing placer database...
Writing XDEF routing.
Writing XDEF routing logical nets.
Writing XDEF routing special nets.
Write XDEF Complete: Time (s): cpu = 00:00:00 ; elapsed = 00:00:00.277 . Memory (MB): peak = 1713.551 ; gain = 0.000
INFO: [Common 17-1381] The checkpoint 'D:/Vivado/Workspace/LAB2/LAB2_1/LAB2_1.runs/impl_1/system_placed.dcp' has been generated.
INFO: [runtcl-4] Executing : report_io -file system_io_placed.rpt
report_io: Time (s): cpu = 00:00:00 ; elapsed = 00:00:00.161 . Memory (MB): peak = 1713.551 ; gain = 0.000
INFO: [runtcl-4] Executing : report_utilization -file system_utilization_placed.rpt -pb system_utilization_placed.pb
INFO: [runtcl-4] Executing : report_control_sets -verbose -file system_control_sets_placed.rpt
report_control_sets: Time (s): cpu = 00:00:00 ; elapsed = 00:00:00.026 . Memory (MB): peak = 1713.551 ; gain = 0.000
Command: phys_opt_design
Attempting to get a license for feature 'Implementation' and/or device 'xc7a35t'
INFO: [Common 17-349] Got license for feature 'Implementation' and/or device 'xc7a35t'
INFO: [Vivado_Tcl 4-383] Design worst setup slack (WNS) is greater than or equal to 0.000 ns. Skipping all physical synthesis optimizations.
INFO: [Vivado_Tcl 4-232] No setup violation found. The netlist was not modified.
INFO: [Common 17-83] Releasing license: Implementation
66 Infos, 0 Warnings, 0 Critical Warnings and 0 Errors encountered.
phys_opt_design completed successfully
INFO: [Timing 38-480] Writing timing data to binary archive.
Writing placer database...
Writing XDEF routing.
Writing XDEF routing logical nets.
Writing XDEF routing special nets.
Write XDEF Complete: Time (s): cpu = 00:00:00 ; elapsed = 00:00:00.232 . Memory (MB): peak = 1741.898 ; gain = 17.875
INFO: [Common 17-1381] The checkpoint 'D:/Vivado/Workspace/LAB2/LAB2_1/LAB2_1.runs/impl_1/system_physopt.dcp' has been generated.
Command: route_design
Attempting to get a license for feature 'Implementation' and/or device 'xc7a35t'
INFO: [Common 17-349] Got license for feature 'Implementation' and/or device 'xc7a35t'
Running DRC as a precondition to command route_design
INFO: [DRC 23-27] Running DRC with 2 threads
INFO: [Vivado_Tcl 4-198] DRC finished with 0 Errors
INFO: [Vivado_Tcl 4-199] Please refer to the DRC report (report_drc) for more information.


Starting Routing Task
INFO: [Route 35-254] Multithreading enabled for route_design using a maximum of 2 CPUs
Checksum: PlaceDB: 2f202b4a ConstDB: 0 ShapeSum: e8f931ad RouteDB: 0

Phase 1 Build RT Design
Phase 1 Build RT Design | Checksum: a7310a75

Time (s): cpu = 00:01:12 ; elapsed = 00:01:04 . Memory (MB): peak = 1821.504 ; gain = 69.551
Post Restoration Checksum: NetGraph: 450907cb NumContArr: 622802aa Constraints: 0 Timing: 0

Phase 2 Router Initialization

Phase 2.1 Create Timer
Phase 2.1 Create Timer | Checksum: a7310a75

Time (s): cpu = 00:01:12 ; elapsed = 00:01:04 . Memory (MB): peak = 1821.504 ; gain = 69.551

Phase 2.2 Fix Topology Constraints
Phase 2.2 Fix Topology Constraints | Checksum: a7310a75

Time (s): cpu = 00:01:12 ; elapsed = 00:01:04 . Memory (MB): peak = 1827.484 ; gain = 75.531

Phase 2.3 Pre Route Cleanup
Phase 2.3 Pre Route Cleanup | Checksum: a7310a75

Time (s): cpu = 00:01:12 ; elapsed = 00:01:04 . Memory (MB): peak = 1827.484 ; gain = 75.531
 Number of Nodes with overlaps = 0

Phase 2.4 Update Timing
Phase 2.4 Update Timing | Checksum: 12efaa0cc

Time (s): cpu = 00:01:12 ; elapsed = 00:01:05 . Memory (MB): peak = 1829.746 ; gain = 77.793
INFO: [Route 35-416] Intermediate Timing Summary | WNS=8.802  | TNS=0.000  | WHS=0.010  | THS=0.000  |

Phase 2 Router Initialization | Checksum: 13209749d

Time (s): cpu = 00:01:12 ; elapsed = 00:01:06 . Memory (MB): peak = 1829.746 ; gain = 77.793

Router Utilization Summary
  Global Vertical Routing Utilization    = 0.000637806 %
  Global Horizontal Routing Utilization  = 0.00156169 %
  Routable Net Status*
  *Does not include unroutable nets such as driverless and loadless.
  Run report_route_status for detailed report.
  Number of Failed Nets               = 31
    (Failed Nets is the sum of unrouted and partially routed nets)
  Number of Unrouted Nets             = 12
  Number of Partially Routed Nets     = 19
  Number of Node Overlaps             = 1


Phase 3 Initial Routing
Phase 3 Initial Routing | Checksum: 14f0340a5

Time (s): cpu = 00:01:13 ; elapsed = 00:01:06 . Memory (MB): peak = 1831.012 ; gain = 79.059

Phase 4 Rip-up And Reroute

Phase 4.1 Global Iteration 0
 Number of Nodes with overlaps = 0
INFO: [Route 35-416] Intermediate Timing Summary | WNS=8.083  | TNS=0.000  | WHS=N/A    | THS=N/A    |

Phase 4.1 Global Iteration 0 | Checksum: 1b33b02b3

Time (s): cpu = 00:01:13 ; elapsed = 00:01:06 . Memory (MB): peak = 1831.012 ; gain = 79.059
Phase 4 Rip-up And Reroute | Checksum: 1b33b02b3

Time (s): cpu = 00:01:13 ; elapsed = 00:01:06 . Memory (MB): peak = 1831.012 ; gain = 79.059

Phase 5 Delay and Skew Optimization

Phase 5.1 Delay CleanUp
Phase 5.1 Delay CleanUp | Checksum: 1b33b02b3

Time (s): cpu = 00:01:13 ; elapsed = 00:01:06 . Memory (MB): peak = 1831.012 ; gain = 79.059

Phase 5.2 Clock Skew Optimization
Phase 5.2 Clock Skew Optimization | Checksum: 1b33b02b3

Time (s): cpu = 00:01:13 ; elapsed = 00:01:06 . Memory (MB): peak = 1831.012 ; gain = 79.059
Phase 5 Delay and Skew Optimization | Checksum: 1b33b02b3

Time (s): cpu = 00:01:13 ; elapsed = 00:01:06 . Memory (MB): peak = 1831.012 ; gain = 79.059

Phase 6 Post Hold Fix

Phase 6.1 Hold Fix Iter

Phase 6.1.1 Update Timing
Phase 6.1.1 Update Timing | Checksum: 13f11099e

Time (s): cpu = 00:01:13 ; elapsed = 00:01:06 . Memory (MB): peak = 1831.012 ; gain = 79.059
INFO: [Route 35-416] Intermediate Timing Summary | WNS=8.176  | TNS=0.000  | WHS=0.590  | THS=0.000  |

Phase 6.1 Hold Fix Iter | Checksum: 21ae38bb9

Time (s): cpu = 00:01:13 ; elapsed = 00:01:07 . Memory (MB): peak = 1831.012 ; gain = 79.059
Phase 6 Post Hold Fix | Checksum: 21ae38bb9

Time (s): cpu = 00:01:13 ; elapsed = 00:01:07 . Memory (MB): peak = 1831.012 ; gain = 79.059

Phase 7 Route finalize

Router Utilization Summary
  Global Vertical Routing Utilization    = 0.00446464 %
  Global Horizontal Routing Utilization  = 0.00520562 %
  Routable Net Status*
  *Does not include unroutable nets such as driverless and loadless.
  Run report_route_status for detailed report.
  Number of Failed Nets               = 0
    (Failed Nets is the sum of unrouted and partially routed nets)
  Number of Unrouted Nets             = 0
  Number of Partially Routed Nets     = 0
  Number of Node Overlaps             = 0

Phase 7 Route finalize | Checksum: 1651b2aae

Time (s): cpu = 00:01:14 ; elapsed = 00:01:07 . Memory (MB): peak = 1831.012 ; gain = 79.059

Phase 8 Verifying routed nets

 Verification completed successfully
Phase 8 Verifying routed nets | Checksum: 1651b2aae

Time (s): cpu = 00:01:14 ; elapsed = 00:01:07 . Memory (MB): peak = 1833.020 ; gain = 81.066

Phase 9 Depositing Routes
Phase 9 Depositing Routes | Checksum: 16aea01a2

Time (s): cpu = 00:01:14 ; elapsed = 00:01:07 . Memory (MB): peak = 1833.020 ; gain = 81.066

Phase 10 Post Router Timing
INFO: [Route 35-57] Estimated Timing Summary | WNS=8.176  | TNS=0.000  | WHS=0.590  | THS=0.000  |

INFO: [Route 35-327] The final timing numbers are based on the router estimated timing analysis. For a complete and accurate timing signoff, please run report_timing_summary.
Phase 10 Post Router Timing | Checksum: 16aea01a2

Time (s): cpu = 00:01:14 ; elapsed = 00:01:07 . Memory (MB): peak = 1833.020 ; gain = 81.066
INFO: [Route 35-16] Router Completed Successfully

Time (s): cpu = 00:01:14 ; elapsed = 00:01:07 . Memory (MB): peak = 1833.020 ; gain = 81.066

Routing Is Done.
INFO: [Common 17-83] Releasing license: Implementation
80 Infos, 0 Warnings, 0 Critical Warnings and 0 Errors encountered.
route_design completed successfully
route_design: Time (s): cpu = 00:01:21 ; elapsed = 00:01:11 . Memory (MB): peak = 1833.020 ; gain = 91.121
INFO: [Timing 38-480] Writing timing data to binary archive.
Writing placer database...
Writing XDEF routing.
Writing XDEF routing logical nets.
Writing XDEF routing special nets.
Write XDEF Complete: Time (s): cpu = 00:00:00 ; elapsed = 00:00:00.336 . Memory (MB): peak = 1842.898 ; gain = 9.879
INFO: [Common 17-1381] The checkpoint 'D:/Vivado/Workspace/LAB2/LAB2_1/LAB2_1.runs/impl_1/system_routed.dcp' has been generated.
INFO: [runtcl-4] Executing : report_drc -file system_drc_routed.rpt -pb system_drc_routed.pb -rpx system_drc_routed.rpx
Command: report_drc -file system_drc_routed.rpt -pb system_drc_routed.pb -rpx system_drc_routed.rpx
INFO: [IP_Flow 19-1839] IP Catalog is up to date.
INFO: [DRC 23-27] Running DRC with 2 threads
INFO: [Coretcl 2-168] The results of DRC are in file D:/Vivado/Workspace/LAB2/LAB2_1/LAB2_1.runs/impl_1/system_drc_routed.rpt.
report_drc completed successfully
report_drc: Time (s): cpu = 00:00:10 ; elapsed = 00:00:07 . Memory (MB): peak = 1868.660 ; gain = 25.762
INFO: [runtcl-4] Executing : report_methodology -file system_methodology_drc_routed.rpt -pb system_methodology_drc_routed.pb -rpx system_methodology_drc_routed.rpx
Command: report_methodology -file system_methodology_drc_routed.rpt -pb system_methodology_drc_routed.pb -rpx system_methodology_drc_routed.rpx
INFO: [Timing 38-35] Done setting XDC timing constraints.
INFO: [DRC 23-133] Running Methodology with 2 threads
INFO: [Coretcl 2-1520] The results of Report Methodology are in file D:/Vivado/Workspace/LAB2/LAB2_1/LAB2_1.runs/impl_1/system_methodology_drc_routed.rpt.
report_methodology completed successfully
INFO: [runtcl-4] Executing : report_power -file system_power_routed.rpt -pb system_power_summary_routed.pb -rpx system_power_routed.rpx
Command: report_power -file system_power_routed.rpt -pb system_power_summary_routed.pb -rpx system_power_routed.rpx
INFO: [Timing 38-35] Done setting XDC timing constraints.
Running Vector-less Activity Propagation...

Finished Running Vector-less Activity Propagation
92 Infos, 0 Warnings, 0 Critical Warnings and 0 Errors encountered.
report_power completed successfully
INFO: [runtcl-4] Executing : report_route_status -file system_route_status.rpt -pb system_route_status.pb
INFO: [runtcl-4] Executing : report_timing_summary -max_paths 10 -file system_timing_summary_routed.rpt -pb system_timing_summary_routed.pb -rpx system_timing_summary_routed.rpx -warn_on_violation 
INFO: [Timing 38-91] UpdateTimingParams: Speed grade: -1, Delay Type: min_max.
INFO: [Timing 38-191] Multithreading enabled for timing update using a maximum of 2 CPUs
INFO: [runtcl-4] Executing : report_incremental_reuse -file system_incremental_reuse_routed.rpt
INFO: [Vivado_Tcl 4-1062] Incremental flow is disabled. No incremental reuse Info to report.
INFO: [runtcl-4] Executing : report_clock_utilization -file system_clock_utilization_routed.rpt
INFO: [runtcl-4] Executing : report_bus_skew -warn_on_violation -file system_bus_skew_routed.rpt -pb system_bus_skew_routed.pb -rpx system_bus_skew_routed.rpx
INFO: [Timing 38-91] UpdateTimingParams: Speed grade: -1, Delay Type: min_max.
INFO: [Timing 38-191] Multithreading enabled for timing update using a maximum of 2 CPUs
INFO: [Common 17-206] Exiting Vivado at Mon Sep 14 20:21:52 2020...

*** Running vivado
    with args -log system.vdi -applog -m64 -product Vivado -messageDb vivado.pb -mode batch -source system.tcl -notrace



****** Vivado v2020.1 (64-bit)
  **** SW Build 2902540 on Wed May 27 19:54:49 MDT 2020
  **** IP Build 2902112 on Wed May 27 22:43:36 MDT 2020
    ** Copyright 1986-2020 Xilinx, Inc. All Rights Reserved.

source system.tcl -notrace
Command: open_checkpoint system_routed.dcp

Starting open_checkpoint Task

Time (s): cpu = 00:00:00 ; elapsed = 00:00:00.151 . Memory (MB): peak = 1111.988 ; gain = 0.000
CRITICAL WARNING: [Board 49-67] The board_part definition was not found for digilentinc.com:basys3:part0:1.1. This can happen sometimes when you use custom board part. You can resolve this issue by setting 'board.repoPaths' parameter, pointing to the location of custom board files. Valid board_part values can be retrieved with the 'get_board_parts' Tcl command.
CRITICAL WARNING: [Board 49-67] The board_part definition was not found for digilentinc.com:basys3:part0:1.1. This can happen sometimes when you use custom board part. You can resolve this issue by setting 'board.repoPaths' parameter, pointing to the location of custom board files. Valid board_part values can be retrieved with the 'get_board_parts' Tcl command.
INFO: [Device 21-403] Loading part xc7a35tcpg236-1
Netlist sorting complete. Time (s): cpu = 00:00:00 ; elapsed = 00:00:00.002 . Memory (MB): peak = 1111.988 ; gain = 0.000
INFO: [Project 1-479] Netlist was created with Vivado 2020.1
INFO: [Project 1-570] Preparing netlist for logic optimization
INFO: [Timing 38-478] Restoring timing data from binary archive.
INFO: [Timing 38-479] Binary timing data restore complete.
INFO: [Project 1-856] Restoring constraints from binary archive.
INFO: [Project 1-853] Binary constraint restore complete.
Reading XDEF placement.
Reading placer database...
Reading XDEF routing.
Read XDEF File: Time (s): cpu = 00:00:00 ; elapsed = 00:00:00.477 . Memory (MB): peak = 1492.262 ; gain = 8.207
Restored from archive | CPU: 0.000000 secs | Memory: 0.000000 MB |
Finished XDEF File Restore: Time (s): cpu = 00:00:00 ; elapsed = 00:00:00.480 . Memory (MB): peak = 1492.262 ; gain = 8.207
Netlist sorting complete. Time (s): cpu = 00:00:00 ; elapsed = 00:00:00.001 . Memory (MB): peak = 1492.262 ; gain = 0.000
INFO: [Project 1-111] Unisim Transformation Summary:
No Unisim elements were transformed.

INFO: [Project 1-604] Checkpoint was created with Vivado v2020.1 (64-bit) build 2902540
open_checkpoint: Time (s): cpu = 00:01:08 ; elapsed = 00:01:19 . Memory (MB): peak = 1492.262 ; gain = 380.273
Command: write_bitstream -force system.bit
Attempting to get a license for feature 'Implementation' and/or device 'xc7a35t'
INFO: [Common 17-349] Got license for feature 'Implementation' and/or device 'xc7a35t'
Running DRC as a precondition to command write_bitstream
INFO: [IP_Flow 19-234] Refreshing IP repositories
INFO: [IP_Flow 19-1704] No user IP repositories specified
INFO: [IP_Flow 19-2313] Loaded Vivado IP repository 'D:/Vivado/Vivado/2020.1/data/ip'.
INFO: [DRC 23-27] Running DRC with 2 threads
INFO: [Vivado 12-3199] DRC finished with 0 Errors
INFO: [Vivado 12-3200] Please refer to the DRC report (report_drc) for more information.
INFO: [Designutils 20-2272] Running write_bitstream with 2 threads.
Loading data files...
Loading site data...
Loading route data...
Processing options...
Creating bitmap...
Creating bitstream...
Writing bitstream ./system.bit...
INFO: [Vivado 12-1842] Bitgen Completed Successfully.
INFO: [Project 1-120] WebTalk data collection is mandatory when using a WebPACK part without a full Vivado license. To see the specific WebTalk data collected for your design, open the usage_statistics_webtalk.html or usage_statistics_webtalk.xml file in the implementation directory.
INFO: [Common 17-186] 'D:/Vivado/Workspace/LAB2/LAB2_1/LAB2_1.runs/impl_1/usage_statistics_webtalk.xml' has been successfully sent to Xilinx on Mon Sep 14 20:25:44 2020. For additional details about this file, please refer to the WebTalk help file at D:/Vivado/Vivado/2020.1/doc/webtalk_introduction.html.
INFO: [Common 17-83] Releasing license: Implementation
21 Infos, 0 Warnings, 2 Critical Warnings and 0 Errors encountered.
write_bitstream completed successfully
write_bitstream: Time (s): cpu = 00:01:01 ; elapsed = 00:01:09 . Memory (MB): peak = 1951.793 ; gain = 459.531
INFO: [Common 17-206] Exiting Vivado at Mon Sep 14 20:25:44 2020...
