Vivado Simulator 2020.1
Copyright 1986-1999, 2001-2020 Xilinx, Inc. All Rights Reserved.
Running: D:/Vivado/Vivado/2020.1/bin/unwrapped/win64.o/xelab.exe -wto f897f1385ada4769a597e9e2875b8ad5 --incr --debug typical --relax --mt 2 -L xil_defaultlib -L unisims_ver -L unimacro_ver -L secureip --snapshot nano_sc_system_behav xil_defaultlib.nano_sc_system xil_defaultlib.glbl -log elaborate.log 
Using 2 slave threads.
Starting static elaboration
Pass Through NonSizing Optimizer
Completed static elaboration
Starting simulation data flow analysis
Completed simulation data flow analysis
Time Resolution for simulation is 1ps
Compiling module xil_defaultlib.adder(WIDTH=30)
Compiling module xil_defaultlib.mux2_1(WIDTH=30)
Compiling module xil_defaultlib.extender
Compiling module xil_defaultlib.mux2_1(WIDTH=5)
Compiling module xil_defaultlib.regfile
Compiling module xil_defaultlib.mux2_1
Compiling module xil_defaultlib.alu
Compiling module xil_defaultlib.control
Compiling module xil_defaultlib.nanocpu
Compiling module xil_defaultlib.rom
Compiling module xil_defaultlib.clockDiv
Compiling module xil_defaultlib.hexTo7Segment
Compiling module xil_defaultlib.quadSevenSeg
Compiling module xil_defaultlib.memory_default
Compiling module xil_defaultlib.nano_sc_system
Compiling module xil_defaultlib.glbl
Built simulation snapshot nano_sc_system_behav
