
*** Running vivado
    with args -log system.vds -m64 -product Vivado -mode batch -messageDb vivado.pb -notrace -source system.tcl



****** Vivado v2020.1 (64-bit)
  **** SW Build 2902540 on Wed May 27 19:54:49 MDT 2020
  **** IP Build 2902112 on Wed May 27 22:43:36 MDT 2020
    ** Copyright 1986-2020 Xilinx, Inc. All Rights Reserved.

source system.tcl -notrace
Command: synth_design -top system -part xc7a35tcpg236-1
Starting synth_design
Attempting to get a license for feature 'Synthesis' and/or device 'xc7a35t'
INFO: [Common 17-349] Got license for feature 'Synthesis' and/or device 'xc7a35t'
INFO: [Device 21-403] Loading part xc7a35tcpg236-1
INFO: [Synth 8-7079] Multithreading enabled for synth_design using a maximum of 2 processes.
INFO: [Synth 8-7078] Launching helper process for spawning children vivado processes
INFO: [Synth 8-7075] Helper process launched with PID 9804
WARNING: [Synth 8-2611] redeclaration of ansi port bcd_output is not allowed [D:/Vivado/Workspace/LAB3/Problem3/Problem3.srcs/sources_1/new/BCDcounter.v:33]
WARNING: [Synth 8-2611] redeclaration of ansi port cout is not allowed [D:/Vivado/Workspace/LAB3/Problem3/Problem3.srcs/sources_1/new/BCDcounter.v:35]
WARNING: [Synth 8-2611] redeclaration of ansi port borrow is not allowed [D:/Vivado/Workspace/LAB3/Problem3/Problem3.srcs/sources_1/new/BCDcounter.v:36]
WARNING: [Synth 8-2611] redeclaration of ansi port clkDiv is not allowed [D:/Vivado/Workspace/LAB3/Problem3/Problem3.srcs/sources_1/new/clockDiv.v:28]
WARNING: [Synth 8-2611] redeclaration of ansi port segments is not allowed [D:/Vivado/Workspace/LAB3/Problem3/Problem3.srcs/sources_1/new/hexTo7segment.v:15]
WARNING: [Synth 8-2611] redeclaration of ansi port out is not allowed [D:/Vivado/Workspace/LAB3/Problem3/Problem3.srcs/sources_1/new/singlePulser.v:28]
---------------------------------------------------------------------------------
Starting RTL Elaboration : Time (s): cpu = 00:00:06 ; elapsed = 00:00:07 . Memory (MB): peak = 1113.285 ; gain = 0.000
---------------------------------------------------------------------------------
INFO: [Synth 8-6157] synthesizing module 'system' [D:/Vivado/Workspace/LAB3/Problem3/Problem3.srcs/sources_1/new/system.v:23]
INFO: [Synth 8-6157] synthesizing module 'clockDiv' [D:/Vivado/Workspace/LAB3/Problem3/Problem3.srcs/sources_1/new/clockDiv.v:23]
INFO: [Synth 8-6155] done synthesizing module 'clockDiv' (1#1) [D:/Vivado/Workspace/LAB3/Problem3/Problem3.srcs/sources_1/new/clockDiv.v:23]
INFO: [Synth 8-6157] synthesizing module 'singlePulser' [D:/Vivado/Workspace/LAB3/Problem3/Problem3.srcs/sources_1/new/singlePulser.v:22]
INFO: [Synth 8-6155] done synthesizing module 'singlePulser' (2#1) [D:/Vivado/Workspace/LAB3/Problem3/Problem3.srcs/sources_1/new/singlePulser.v:22]
INFO: [Synth 8-6157] synthesizing module 'BCDcounter' [D:/Vivado/Workspace/LAB3/Problem3/Problem3.srcs/sources_1/new/BCDcounter.v:23]
INFO: [Synth 8-6155] done synthesizing module 'BCDcounter' (3#1) [D:/Vivado/Workspace/LAB3/Problem3/Problem3.srcs/sources_1/new/BCDcounter.v:23]
INFO: [Synth 8-6157] synthesizing module 'quadSevenSeg' [D:/Vivado/Workspace/LAB3/Problem3/Problem3.srcs/sources_1/new/quadSevenSeg.v:23]
INFO: [Synth 8-6157] synthesizing module 'hexTo7segment' [D:/Vivado/Workspace/LAB3/Problem3/Problem3.srcs/sources_1/new/hexTo7segment.v:10]
INFO: [Synth 8-6155] done synthesizing module 'hexTo7segment' (4#1) [D:/Vivado/Workspace/LAB3/Problem3/Problem3.srcs/sources_1/new/hexTo7segment.v:10]
WARNING: [Synth 8-567] referenced signal 'num0' should be on the sensitivity list [D:/Vivado/Workspace/LAB3/Problem3/Problem3.srcs/sources_1/new/quadSevenSeg.v:69]
WARNING: [Synth 8-567] referenced signal 'num1' should be on the sensitivity list [D:/Vivado/Workspace/LAB3/Problem3/Problem3.srcs/sources_1/new/quadSevenSeg.v:69]
WARNING: [Synth 8-567] referenced signal 'num2' should be on the sensitivity list [D:/Vivado/Workspace/LAB3/Problem3/Problem3.srcs/sources_1/new/quadSevenSeg.v:69]
WARNING: [Synth 8-567] referenced signal 'num3' should be on the sensitivity list [D:/Vivado/Workspace/LAB3/Problem3/Problem3.srcs/sources_1/new/quadSevenSeg.v:69]
INFO: [Synth 8-6155] done synthesizing module 'quadSevenSeg' (5#1) [D:/Vivado/Workspace/LAB3/Problem3/Problem3.srcs/sources_1/new/quadSevenSeg.v:23]
CRITICAL WARNING: [Synth 8-6859] multi-driven net on pin D:/Vivado/Workspace/LAB3/Problem3/Problem3.srcs/sources_1/new/system.v-85.13 with 1st driver pin 'system:/BCD0/bcd_output[0]' [D:/Vivado/Workspace/LAB3/Problem3/Problem3.srcs/sources_1/new/system.v:85]
CRITICAL WARNING: [Synth 8-6859] multi-driven net on pin D:/Vivado/Workspace/LAB3/Problem3/Problem3.srcs/sources_1/new/system.v-85.13 with 2nd driver pin 'GND' [D:/Vivado/Workspace/LAB3/Problem3/Problem3.srcs/sources_1/new/system.v:85]
CRITICAL WARNING: [Synth 8-6858] multi-driven net D:/Vivado/Workspace/LAB3/Problem3/Problem3.srcs/sources_1/new/system.v-85.13 is connected to at least one constant driver which has been preserved, other driver is ignored [D:/Vivado/Workspace/LAB3/Problem3/Problem3.srcs/sources_1/new/system.v:85]
CRITICAL WARNING: [Synth 8-6859] multi-driven net on pin D:/Vivado/Workspace/LAB3/Problem3/Problem3.srcs/sources_1/new/system.v-85.13 with 1st driver pin 'system:/BCD1/bcd_output[0]' [D:/Vivado/Workspace/LAB3/Problem3/Problem3.srcs/sources_1/new/system.v:85]
CRITICAL WARNING: [Synth 8-6859] multi-driven net on pin D:/Vivado/Workspace/LAB3/Problem3/Problem3.srcs/sources_1/new/system.v-85.13 with 2nd driver pin 'GND' [D:/Vivado/Workspace/LAB3/Problem3/Problem3.srcs/sources_1/new/system.v:85]
CRITICAL WARNING: [Synth 8-6858] multi-driven net D:/Vivado/Workspace/LAB3/Problem3/Problem3.srcs/sources_1/new/system.v-85.13 is connected to at least one constant driver which has been preserved, other driver is ignored [D:/Vivado/Workspace/LAB3/Problem3/Problem3.srcs/sources_1/new/system.v:85]
CRITICAL WARNING: [Synth 8-6859] multi-driven net on pin D:/Vivado/Workspace/LAB3/Problem3/Problem3.srcs/sources_1/new/system.v-85.13 with 1st driver pin 'system:/BCD2/bcd_output[0]' [D:/Vivado/Workspace/LAB3/Problem3/Problem3.srcs/sources_1/new/system.v:85]
CRITICAL WARNING: [Synth 8-6859] multi-driven net on pin D:/Vivado/Workspace/LAB3/Problem3/Problem3.srcs/sources_1/new/system.v-85.13 with 2nd driver pin 'GND' [D:/Vivado/Workspace/LAB3/Problem3/Problem3.srcs/sources_1/new/system.v:85]
CRITICAL WARNING: [Synth 8-6858] multi-driven net D:/Vivado/Workspace/LAB3/Problem3/Problem3.srcs/sources_1/new/system.v-85.13 is connected to at least one constant driver which has been preserved, other driver is ignored [D:/Vivado/Workspace/LAB3/Problem3/Problem3.srcs/sources_1/new/system.v:85]
CRITICAL WARNING: [Synth 8-6859] multi-driven net on pin D:/Vivado/Workspace/LAB3/Problem3/Problem3.srcs/sources_1/new/system.v-85.13 with 1st driver pin 'system:/BCD3/bcd_output[0]' [D:/Vivado/Workspace/LAB3/Problem3/Problem3.srcs/sources_1/new/system.v:85]
CRITICAL WARNING: [Synth 8-6859] multi-driven net on pin D:/Vivado/Workspace/LAB3/Problem3/Problem3.srcs/sources_1/new/system.v-85.13 with 2nd driver pin 'GND' [D:/Vivado/Workspace/LAB3/Problem3/Problem3.srcs/sources_1/new/system.v:85]
CRITICAL WARNING: [Synth 8-6858] multi-driven net D:/Vivado/Workspace/LAB3/Problem3/Problem3.srcs/sources_1/new/system.v-85.13 is connected to at least one constant driver which has been preserved, other driver is ignored [D:/Vivado/Workspace/LAB3/Problem3/Problem3.srcs/sources_1/new/system.v:85]
INFO: [Synth 8-6155] done synthesizing module 'system' (6#1) [D:/Vivado/Workspace/LAB3/Problem3/Problem3.srcs/sources_1/new/system.v:23]
---------------------------------------------------------------------------------
Finished RTL Elaboration : Time (s): cpu = 00:00:07 ; elapsed = 00:00:08 . Memory (MB): peak = 1113.285 ; gain = 0.000
---------------------------------------------------------------------------------
---------------------------------------------------------------------------------
Start Handling Custom Attributes
---------------------------------------------------------------------------------
---------------------------------------------------------------------------------
Finished Handling Custom Attributes : Time (s): cpu = 00:00:07 ; elapsed = 00:00:09 . Memory (MB): peak = 1113.285 ; gain = 0.000
---------------------------------------------------------------------------------
---------------------------------------------------------------------------------
Finished RTL Optimization Phase 1 : Time (s): cpu = 00:00:07 ; elapsed = 00:00:09 . Memory (MB): peak = 1113.285 ; gain = 0.000
---------------------------------------------------------------------------------
Netlist sorting complete. Time (s): cpu = 00:00:00 ; elapsed = 00:00:00.002 . Memory (MB): peak = 1113.285 ; gain = 0.000
INFO: [Project 1-570] Preparing netlist for logic optimization

Processing XDC Constraints
Initializing timing engine
Parsing XDC File [D:/Vivado/Workspace/LAB3/Problem3/Problem3.srcs/constrs_1/new/Basys3.xdc]
CRITICAL WARNING: [Designutils 20-1307] Command 'Switches' is not supported in the xdc constraint file. [D:/Vivado/Workspace/LAB3/Problem3/Problem3.srcs/constrs_1/new/Basys3.xdc:11]
Finished Parsing XDC File [D:/Vivado/Workspace/LAB3/Problem3/Problem3.srcs/constrs_1/new/Basys3.xdc]
INFO: [Project 1-236] Implementation specific constraints were found while reading constraint file [D:/Vivado/Workspace/LAB3/Problem3/Problem3.srcs/constrs_1/new/Basys3.xdc]. These constraints will be ignored for synthesis but will be used in implementation. Impacted constraints are listed in the file [.Xil/system_propImpl.xdc].
Resolution: To avoid this warning, move constraints listed in [.Xil/system_propImpl.xdc] to another XDC file and exclude this new file from synthesis with the used_in_synthesis property (File Properties dialog in GUI) and re-run elaboration/synthesis.
Completed Processing XDC Constraints

Netlist sorting complete. Time (s): cpu = 00:00:00 ; elapsed = 00:00:00 . Memory (MB): peak = 1228.219 ; gain = 0.000
INFO: [Project 1-111] Unisim Transformation Summary:
No Unisim elements were transformed.

Constraint Validation Runtime : Time (s): cpu = 00:00:00 ; elapsed = 00:00:00.006 . Memory (MB): peak = 1228.219 ; gain = 0.000
---------------------------------------------------------------------------------
Finished Constraint Validation : Time (s): cpu = 00:00:15 ; elapsed = 00:00:17 . Memory (MB): peak = 1228.219 ; gain = 114.934
---------------------------------------------------------------------------------
---------------------------------------------------------------------------------
Start Loading Part and Timing Information
---------------------------------------------------------------------------------
Loading part: xc7a35tcpg236-1
---------------------------------------------------------------------------------
Finished Loading Part and Timing Information : Time (s): cpu = 00:00:15 ; elapsed = 00:00:17 . Memory (MB): peak = 1228.219 ; gain = 114.934
---------------------------------------------------------------------------------
---------------------------------------------------------------------------------
Start Applying 'set_property' XDC Constraints
---------------------------------------------------------------------------------
---------------------------------------------------------------------------------
Finished applying 'set_property' XDC Constraints : Time (s): cpu = 00:00:15 ; elapsed = 00:00:17 . Memory (MB): peak = 1228.219 ; gain = 114.934
---------------------------------------------------------------------------------
---------------------------------------------------------------------------------
Finished RTL Optimization Phase 2 : Time (s): cpu = 00:00:15 ; elapsed = 00:00:18 . Memory (MB): peak = 1228.219 ; gain = 114.934
---------------------------------------------------------------------------------
---------------------------------------------------------------------------------
Start RTL Component Statistics 
---------------------------------------------------------------------------------
Detailed RTL Component Info : 
+---Adders : 
	   2 Input    4 Bit       Adders := 8     
	   2 Input    2 Bit       Adders := 1     
+---Registers : 
	                4 Bit    Registers := 4     
	                2 Bit    Registers := 1     
	                1 Bit    Registers := 43    
+---Muxes : 
	   2 Input    4 Bit        Muxes := 16    
	   4 Input    4 Bit        Muxes := 2     
	   2 Input    3 Bit        Muxes := 4     
	   2 Input    1 Bit        Muxes := 12    
---------------------------------------------------------------------------------
Finished RTL Component Statistics 
---------------------------------------------------------------------------------
---------------------------------------------------------------------------------
Start Part Resource Summary
---------------------------------------------------------------------------------
Part Resources:
DSPs: 90 (col length:60)
BRAMs: 100 (col length: RAMB18 60 RAMB36 30)
---------------------------------------------------------------------------------
Finished Part Resource Summary
---------------------------------------------------------------------------------
---------------------------------------------------------------------------------
Start Cross Boundary and Area Optimization
---------------------------------------------------------------------------------
CRITICAL WARNING: [Synth 8-6859] multi-driven net on pin num0[3] with 1st driver pin 'BCD0/bcd_out_reg[3]/Q' [D:/Vivado/Workspace/LAB3/Problem3/Problem3.srcs/sources_1/new/BCDcounter.v:37]
CRITICAL WARNING: [Synth 8-6859] multi-driven net on pin num0[3] with 2nd driver pin 'GND' [D:/Vivado/Workspace/LAB3/Problem3/Problem3.srcs/sources_1/new/BCDcounter.v:37]
CRITICAL WARNING: [Synth 8-6858] multi-driven net num0[3] is connected to at least one constant driver which has been preserved, other driver is ignored [D:/Vivado/Workspace/LAB3/Problem3/Problem3.srcs/sources_1/new/BCDcounter.v:37]
CRITICAL WARNING: [Synth 8-6859] multi-driven net on pin num0[2] with 1st driver pin 'BCD0/bcd_out_reg[2]/Q' [D:/Vivado/Workspace/LAB3/Problem3/Problem3.srcs/sources_1/new/BCDcounter.v:37]
CRITICAL WARNING: [Synth 8-6859] multi-driven net on pin num0[2] with 2nd driver pin 'GND' [D:/Vivado/Workspace/LAB3/Problem3/Problem3.srcs/sources_1/new/BCDcounter.v:37]
CRITICAL WARNING: [Synth 8-6858] multi-driven net num0[2] is connected to at least one constant driver which has been preserved, other driver is ignored [D:/Vivado/Workspace/LAB3/Problem3/Problem3.srcs/sources_1/new/BCDcounter.v:37]
CRITICAL WARNING: [Synth 8-6859] multi-driven net on pin num0[1] with 1st driver pin 'BCD0/bcd_out_reg[1]/Q' [D:/Vivado/Workspace/LAB3/Problem3/Problem3.srcs/sources_1/new/BCDcounter.v:37]
CRITICAL WARNING: [Synth 8-6859] multi-driven net on pin num0[1] with 2nd driver pin 'GND' [D:/Vivado/Workspace/LAB3/Problem3/Problem3.srcs/sources_1/new/BCDcounter.v:37]
CRITICAL WARNING: [Synth 8-6858] multi-driven net num0[1] is connected to at least one constant driver which has been preserved, other driver is ignored [D:/Vivado/Workspace/LAB3/Problem3/Problem3.srcs/sources_1/new/BCDcounter.v:37]
CRITICAL WARNING: [Synth 8-6859] multi-driven net on pin num0[0] with 1st driver pin 'BCD0/bcd_out_reg[0]/Q' [D:/Vivado/Workspace/LAB3/Problem3/Problem3.srcs/sources_1/new/BCDcounter.v:37]
CRITICAL WARNING: [Synth 8-6859] multi-driven net on pin num0[0] with 2nd driver pin 'GND' [D:/Vivado/Workspace/LAB3/Problem3/Problem3.srcs/sources_1/new/BCDcounter.v:37]
CRITICAL WARNING: [Synth 8-6858] multi-driven net num0[0] is connected to at least one constant driver which has been preserved, other driver is ignored [D:/Vivado/Workspace/LAB3/Problem3/Problem3.srcs/sources_1/new/BCDcounter.v:37]
CRITICAL WARNING: [Synth 8-6859] multi-driven net on pin num1[3] with 1st driver pin 'BCD1/bcd_out_reg[3]/Q' [D:/Vivado/Workspace/LAB3/Problem3/Problem3.srcs/sources_1/new/BCDcounter.v:37]
CRITICAL WARNING: [Synth 8-6859] multi-driven net on pin num1[3] with 2nd driver pin 'GND' [D:/Vivado/Workspace/LAB3/Problem3/Problem3.srcs/sources_1/new/BCDcounter.v:37]
CRITICAL WARNING: [Synth 8-6858] multi-driven net num1[3] is connected to at least one constant driver which has been preserved, other driver is ignored [D:/Vivado/Workspace/LAB3/Problem3/Problem3.srcs/sources_1/new/BCDcounter.v:37]
CRITICAL WARNING: [Synth 8-6859] multi-driven net on pin num1[2] with 1st driver pin 'BCD1/bcd_out_reg[2]/Q' [D:/Vivado/Workspace/LAB3/Problem3/Problem3.srcs/sources_1/new/BCDcounter.v:37]
CRITICAL WARNING: [Synth 8-6859] multi-driven net on pin num1[2] with 2nd driver pin 'GND' [D:/Vivado/Workspace/LAB3/Problem3/Problem3.srcs/sources_1/new/BCDcounter.v:37]
CRITICAL WARNING: [Synth 8-6858] multi-driven net num1[2] is connected to at least one constant driver which has been preserved, other driver is ignored [D:/Vivado/Workspace/LAB3/Problem3/Problem3.srcs/sources_1/new/BCDcounter.v:37]
CRITICAL WARNING: [Synth 8-6859] multi-driven net on pin num1[1] with 1st driver pin 'BCD1/bcd_out_reg[1]/Q' [D:/Vivado/Workspace/LAB3/Problem3/Problem3.srcs/sources_1/new/BCDcounter.v:37]
CRITICAL WARNING: [Synth 8-6859] multi-driven net on pin num1[1] with 2nd driver pin 'GND' [D:/Vivado/Workspace/LAB3/Problem3/Problem3.srcs/sources_1/new/BCDcounter.v:37]
CRITICAL WARNING: [Synth 8-6858] multi-driven net num1[1] is connected to at least one constant driver which has been preserved, other driver is ignored [D:/Vivado/Workspace/LAB3/Problem3/Problem3.srcs/sources_1/new/BCDcounter.v:37]
CRITICAL WARNING: [Synth 8-6859] multi-driven net on pin num1[0] with 1st driver pin 'BCD1/bcd_out_reg[0]/Q' [D:/Vivado/Workspace/LAB3/Problem3/Problem3.srcs/sources_1/new/BCDcounter.v:37]
CRITICAL WARNING: [Synth 8-6859] multi-driven net on pin num1[0] with 2nd driver pin 'GND' [D:/Vivado/Workspace/LAB3/Problem3/Problem3.srcs/sources_1/new/BCDcounter.v:37]
CRITICAL WARNING: [Synth 8-6858] multi-driven net num1[0] is connected to at least one constant driver which has been preserved, other driver is ignored [D:/Vivado/Workspace/LAB3/Problem3/Problem3.srcs/sources_1/new/BCDcounter.v:37]
CRITICAL WARNING: [Synth 8-6859] multi-driven net on pin num2[3] with 1st driver pin 'BCD2/bcd_out_reg[3]/Q' [D:/Vivado/Workspace/LAB3/Problem3/Problem3.srcs/sources_1/new/BCDcounter.v:37]
CRITICAL WARNING: [Synth 8-6859] multi-driven net on pin num2[3] with 2nd driver pin 'GND' [D:/Vivado/Workspace/LAB3/Problem3/Problem3.srcs/sources_1/new/BCDcounter.v:37]
CRITICAL WARNING: [Synth 8-6858] multi-driven net num2[3] is connected to at least one constant driver which has been preserved, other driver is ignored [D:/Vivado/Workspace/LAB3/Problem3/Problem3.srcs/sources_1/new/BCDcounter.v:37]
CRITICAL WARNING: [Synth 8-6859] multi-driven net on pin num2[2] with 1st driver pin 'BCD2/bcd_out_reg[2]/Q' [D:/Vivado/Workspace/LAB3/Problem3/Problem3.srcs/sources_1/new/BCDcounter.v:37]
CRITICAL WARNING: [Synth 8-6859] multi-driven net on pin num2[2] with 2nd driver pin 'GND' [D:/Vivado/Workspace/LAB3/Problem3/Problem3.srcs/sources_1/new/BCDcounter.v:37]
CRITICAL WARNING: [Synth 8-6858] multi-driven net num2[2] is connected to at least one constant driver which has been preserved, other driver is ignored [D:/Vivado/Workspace/LAB3/Problem3/Problem3.srcs/sources_1/new/BCDcounter.v:37]
CRITICAL WARNING: [Synth 8-6859] multi-driven net on pin num2[1] with 1st driver pin 'BCD2/bcd_out_reg[1]/Q' [D:/Vivado/Workspace/LAB3/Problem3/Problem3.srcs/sources_1/new/BCDcounter.v:37]
CRITICAL WARNING: [Synth 8-6859] multi-driven net on pin num2[1] with 2nd driver pin 'GND' [D:/Vivado/Workspace/LAB3/Problem3/Problem3.srcs/sources_1/new/BCDcounter.v:37]
CRITICAL WARNING: [Synth 8-6858] multi-driven net num2[1] is connected to at least one constant driver which has been preserved, other driver is ignored [D:/Vivado/Workspace/LAB3/Problem3/Problem3.srcs/sources_1/new/BCDcounter.v:37]
CRITICAL WARNING: [Synth 8-6859] multi-driven net on pin num2[0] with 1st driver pin 'BCD2/bcd_out_reg[0]/Q' [D:/Vivado/Workspace/LAB3/Problem3/Problem3.srcs/sources_1/new/BCDcounter.v:37]
CRITICAL WARNING: [Synth 8-6859] multi-driven net on pin num2[0] with 2nd driver pin 'GND' [D:/Vivado/Workspace/LAB3/Problem3/Problem3.srcs/sources_1/new/BCDcounter.v:37]
CRITICAL WARNING: [Synth 8-6858] multi-driven net num2[0] is connected to at least one constant driver which has been preserved, other driver is ignored [D:/Vivado/Workspace/LAB3/Problem3/Problem3.srcs/sources_1/new/BCDcounter.v:37]
CRITICAL WARNING: [Synth 8-6859] multi-driven net on pin num3[3] with 1st driver pin 'BCD3/bcd_out_reg[3]/Q' [D:/Vivado/Workspace/LAB3/Problem3/Problem3.srcs/sources_1/new/BCDcounter.v:37]
CRITICAL WARNING: [Synth 8-6859] multi-driven net on pin num3[3] with 2nd driver pin 'GND' [D:/Vivado/Workspace/LAB3/Problem3/Problem3.srcs/sources_1/new/BCDcounter.v:37]
CRITICAL WARNING: [Synth 8-6858] multi-driven net num3[3] is connected to at least one constant driver which has been preserved, other driver is ignored [D:/Vivado/Workspace/LAB3/Problem3/Problem3.srcs/sources_1/new/BCDcounter.v:37]
CRITICAL WARNING: [Synth 8-6859] multi-driven net on pin num3[2] with 1st driver pin 'BCD3/bcd_out_reg[2]/Q' [D:/Vivado/Workspace/LAB3/Problem3/Problem3.srcs/sources_1/new/BCDcounter.v:37]
CRITICAL WARNING: [Synth 8-6859] multi-driven net on pin num3[2] with 2nd driver pin 'GND' [D:/Vivado/Workspace/LAB3/Problem3/Problem3.srcs/sources_1/new/BCDcounter.v:37]
CRITICAL WARNING: [Synth 8-6858] multi-driven net num3[2] is connected to at least one constant driver which has been preserved, other driver is ignored [D:/Vivado/Workspace/LAB3/Problem3/Problem3.srcs/sources_1/new/BCDcounter.v:37]
CRITICAL WARNING: [Synth 8-6859] multi-driven net on pin num3[1] with 1st driver pin 'BCD3/bcd_out_reg[1]/Q' [D:/Vivado/Workspace/LAB3/Problem3/Problem3.srcs/sources_1/new/BCDcounter.v:37]
CRITICAL WARNING: [Synth 8-6859] multi-driven net on pin num3[1] with 2nd driver pin 'GND' [D:/Vivado/Workspace/LAB3/Problem3/Problem3.srcs/sources_1/new/BCDcounter.v:37]
CRITICAL WARNING: [Synth 8-6858] multi-driven net num3[1] is connected to at least one constant driver which has been preserved, other driver is ignored [D:/Vivado/Workspace/LAB3/Problem3/Problem3.srcs/sources_1/new/BCDcounter.v:37]
CRITICAL WARNING: [Synth 8-6859] multi-driven net on pin num3[0] with 1st driver pin 'BCD3/bcd_out_reg[0]/Q' [D:/Vivado/Workspace/LAB3/Problem3/Problem3.srcs/sources_1/new/BCDcounter.v:37]
CRITICAL WARNING: [Synth 8-6859] multi-driven net on pin num3[0] with 2nd driver pin 'GND' [D:/Vivado/Workspace/LAB3/Problem3/Problem3.srcs/sources_1/new/BCDcounter.v:37]
CRITICAL WARNING: [Synth 8-6858] multi-driven net num3[0] is connected to at least one constant driver which has been preserved, other driver is ignored [D:/Vivado/Workspace/LAB3/Problem3/Problem3.srcs/sources_1/new/BCDcounter.v:37]
---------------------------------------------------------------------------------
Finished Cross Boundary and Area Optimization : Time (s): cpu = 00:00:17 ; elapsed = 00:00:20 . Memory (MB): peak = 1228.219 ; gain = 114.934
---------------------------------------------------------------------------------
---------------------------------------------------------------------------------
Start Applying XDC Timing Constraints
---------------------------------------------------------------------------------
---------------------------------------------------------------------------------
Finished Applying XDC Timing Constraints : Time (s): cpu = 00:00:26 ; elapsed = 00:00:29 . Memory (MB): peak = 1228.219 ; gain = 114.934
---------------------------------------------------------------------------------
---------------------------------------------------------------------------------
Start Timing Optimization
---------------------------------------------------------------------------------
---------------------------------------------------------------------------------
Finished Timing Optimization : Time (s): cpu = 00:00:26 ; elapsed = 00:00:29 . Memory (MB): peak = 1228.219 ; gain = 114.934
---------------------------------------------------------------------------------
---------------------------------------------------------------------------------
Start Technology Mapping
---------------------------------------------------------------------------------
---------------------------------------------------------------------------------
Finished Technology Mapping : Time (s): cpu = 00:00:26 ; elapsed = 00:00:29 . Memory (MB): peak = 1230.641 ; gain = 117.355
---------------------------------------------------------------------------------
---------------------------------------------------------------------------------
Start IO Insertion
---------------------------------------------------------------------------------
---------------------------------------------------------------------------------
Start Flattening Before IO Insertion
---------------------------------------------------------------------------------
---------------------------------------------------------------------------------
Finished Flattening Before IO Insertion
---------------------------------------------------------------------------------
---------------------------------------------------------------------------------
Start Final Netlist Cleanup
---------------------------------------------------------------------------------
---------------------------------------------------------------------------------
Finished Final Netlist Cleanup
---------------------------------------------------------------------------------
---------------------------------------------------------------------------------
Finished IO Insertion : Time (s): cpu = 00:00:31 ; elapsed = 00:00:34 . Memory (MB): peak = 1237.434 ; gain = 124.148
---------------------------------------------------------------------------------
---------------------------------------------------------------------------------
Start Renaming Generated Instances
---------------------------------------------------------------------------------
---------------------------------------------------------------------------------
Finished Renaming Generated Instances : Time (s): cpu = 00:00:31 ; elapsed = 00:00:34 . Memory (MB): peak = 1237.434 ; gain = 124.148
---------------------------------------------------------------------------------
---------------------------------------------------------------------------------
Start Rebuilding User Hierarchy
---------------------------------------------------------------------------------
---------------------------------------------------------------------------------
Finished Rebuilding User Hierarchy : Time (s): cpu = 00:00:31 ; elapsed = 00:00:34 . Memory (MB): peak = 1237.434 ; gain = 124.148
---------------------------------------------------------------------------------
---------------------------------------------------------------------------------
Start Renaming Generated Ports
---------------------------------------------------------------------------------
---------------------------------------------------------------------------------
Finished Renaming Generated Ports : Time (s): cpu = 00:00:31 ; elapsed = 00:00:34 . Memory (MB): peak = 1237.434 ; gain = 124.148
---------------------------------------------------------------------------------
---------------------------------------------------------------------------------
Start Handling Custom Attributes
---------------------------------------------------------------------------------
---------------------------------------------------------------------------------
Finished Handling Custom Attributes : Time (s): cpu = 00:00:31 ; elapsed = 00:00:34 . Memory (MB): peak = 1237.434 ; gain = 124.148
---------------------------------------------------------------------------------
---------------------------------------------------------------------------------
Start Renaming Generated Nets
---------------------------------------------------------------------------------
---------------------------------------------------------------------------------
Finished Renaming Generated Nets : Time (s): cpu = 00:00:31 ; elapsed = 00:00:34 . Memory (MB): peak = 1237.434 ; gain = 124.148
---------------------------------------------------------------------------------
---------------------------------------------------------------------------------
Start Writing Synthesis Report
---------------------------------------------------------------------------------

Report BlackBoxes: 
+-+--------------+----------+
| |BlackBox name |Instances |
+-+--------------+----------+
+-+--------------+----------+

Report Cell Usage: 
+------+-----+------+
|      |Cell |Count |
+------+-----+------+
|1     |BUFG |     1|
|2     |LUT1 |    20|
|3     |LUT2 |     5|
|4     |FDRE |    21|
|5     |IBUF |     1|
|6     |OBUF |    12|
+------+-----+------+
---------------------------------------------------------------------------------
Finished Writing Synthesis Report : Time (s): cpu = 00:00:31 ; elapsed = 00:00:34 . Memory (MB): peak = 1237.434 ; gain = 124.148
---------------------------------------------------------------------------------
Synthesis finished with 0 errors, 48 critical warnings and 0 warnings.
Synthesis Optimization Runtime : Time (s): cpu = 00:00:21 ; elapsed = 00:00:31 . Memory (MB): peak = 1237.434 ; gain = 9.215
Synthesis Optimization Complete : Time (s): cpu = 00:00:31 ; elapsed = 00:00:34 . Memory (MB): peak = 1237.434 ; gain = 124.148
INFO: [Project 1-571] Translating synthesized netlist
Netlist sorting complete. Time (s): cpu = 00:00:00 ; elapsed = 00:00:00.001 . Memory (MB): peak = 1249.492 ; gain = 0.000
INFO: [Project 1-570] Preparing netlist for logic optimization
INFO: [Opt 31-138] Pushed 0 inverter(s) to 0 load pin(s).
Netlist sorting complete. Time (s): cpu = 00:00:00 ; elapsed = 00:00:00 . Memory (MB): peak = 1252.625 ; gain = 0.000
INFO: [Project 1-111] Unisim Transformation Summary:
No Unisim elements were transformed.

INFO: [Common 17-83] Releasing license: Synthesis
25 Infos, 10 Warnings, 61 Critical Warnings and 0 Errors encountered.
synth_design completed successfully
synth_design: Time (s): cpu = 00:00:39 ; elapsed = 00:00:44 . Memory (MB): peak = 1252.625 ; gain = 139.340
INFO: [Common 17-1381] The checkpoint 'D:/Vivado/Workspace/LAB3/Problem3/Problem3.runs/synth_1/system.dcp' has been generated.
INFO: [runtcl-4] Executing : report_utilization -file system_utilization_synth.rpt -pb system_utilization_synth.pb
INFO: [Common 17-206] Exiting Vivado at Sun Sep 20 15:14:22 2020...
