
*** Running vivado
    with args -log system.vds -m64 -product Vivado -mode batch -messageDb vivado.pb -notrace -source system.tcl



****** Vivado v2020.1 (64-bit)
  **** SW Build 2902540 on Wed May 27 19:54:49 MDT 2020
  **** IP Build 2902112 on Wed May 27 22:43:36 MDT 2020
    ** Copyright 1986-2020 Xilinx, Inc. All Rights Reserved.

source system.tcl -notrace
create_project: Time (s): cpu = 00:00:03 ; elapsed = 00:00:12 . Memory (MB): peak = 1085.305 ; gain = 0.000
Command: synth_design -top system -part xc7a35tcpg236-1
Starting synth_design
Attempting to get a license for feature 'Synthesis' and/or device 'xc7a35t'
INFO: [Common 17-349] Got license for feature 'Synthesis' and/or device 'xc7a35t'
INFO: [Device 21-403] Loading part xc7a35tcpg236-1
INFO: [Synth 8-7079] Multithreading enabled for synth_design using a maximum of 2 processes.
INFO: [Synth 8-7078] Launching helper process for spawning children vivado processes
INFO: [Synth 8-7075] Helper process launched with PID 15320
WARNING: [Synth 8-2611] redeclaration of ansi port clkDiv is not allowed [D:/Vivado/Workspace/LAB4/Problem1/Problem1.srcs/sources_1/new/clockDiv.v:28]
WARNING: [Synth 8-2611] redeclaration of ansi port segments is not allowed [D:/Vivado/Workspace/LAB4/Problem1/Problem1.srcs/sources_1/new/hexTo7segment.v:15]
WARNING: [Synth 8-2611] redeclaration of ansi port out is not allowed [D:/Vivado/Workspace/LAB4/Problem1/Problem1.srcs/sources_1/new/singlePulser.v:28]
---------------------------------------------------------------------------------
Starting RTL Elaboration : Time (s): cpu = 00:00:06 ; elapsed = 00:00:13 . Memory (MB): peak = 1085.305 ; gain = 0.000
---------------------------------------------------------------------------------
INFO: [Synth 8-6157] synthesizing module 'system' [D:/Vivado/Workspace/LAB4/Problem1/Problem1.srcs/sources_1/new/system.v:23]
INFO: [Synth 8-6157] synthesizing module 'clockDiv' [D:/Vivado/Workspace/LAB4/Problem1/Problem1.srcs/sources_1/new/clockDiv.v:23]
INFO: [Synth 8-6155] done synthesizing module 'clockDiv' (1#1) [D:/Vivado/Workspace/LAB4/Problem1/Problem1.srcs/sources_1/new/clockDiv.v:23]
INFO: [Synth 8-6157] synthesizing module 'singlePulser' [D:/Vivado/Workspace/LAB4/Problem1/Problem1.srcs/sources_1/new/singlePulser.v:22]
INFO: [Synth 8-6155] done synthesizing module 'singlePulser' (2#1) [D:/Vivado/Workspace/LAB4/Problem1/Problem1.srcs/sources_1/new/singlePulser.v:22]
INFO: [Synth 8-6157] synthesizing module 'RAM' [D:/Vivado/Workspace/LAB4/Problem1/Problem1.srcs/sources_1/new/RAM.v:23]
INFO: [Synth 8-6155] done synthesizing module 'RAM' (3#1) [D:/Vivado/Workspace/LAB4/Problem1/Problem1.srcs/sources_1/new/RAM.v:23]
WARNING: [Synth 8-6090] variable 'addr' is written by both blocking and non-blocking assignments, entire logic could be removed [D:/Vivado/Workspace/LAB4/Problem1/Problem1.srcs/sources_1/new/system.v:76]
WARNING: [Synth 8-6090] variable 'max' is written by both blocking and non-blocking assignments, entire logic could be removed [D:/Vivado/Workspace/LAB4/Problem1/Problem1.srcs/sources_1/new/system.v:79]
INFO: [Synth 8-6157] synthesizing module 'quadSevenSeg' [D:/Vivado/Workspace/LAB4/Problem1/Problem1.srcs/sources_1/new/quadSevenSeg.v:23]
INFO: [Synth 8-6157] synthesizing module 'hexTo7segment' [D:/Vivado/Workspace/LAB4/Problem1/Problem1.srcs/sources_1/new/hexTo7segment.v:10]
INFO: [Synth 8-6155] done synthesizing module 'hexTo7segment' (4#1) [D:/Vivado/Workspace/LAB4/Problem1/Problem1.srcs/sources_1/new/hexTo7segment.v:10]
WARNING: [Synth 8-567] referenced signal 'num0' should be on the sensitivity list [D:/Vivado/Workspace/LAB4/Problem1/Problem1.srcs/sources_1/new/quadSevenSeg.v:69]
WARNING: [Synth 8-567] referenced signal 'num1' should be on the sensitivity list [D:/Vivado/Workspace/LAB4/Problem1/Problem1.srcs/sources_1/new/quadSevenSeg.v:69]
WARNING: [Synth 8-567] referenced signal 'num2' should be on the sensitivity list [D:/Vivado/Workspace/LAB4/Problem1/Problem1.srcs/sources_1/new/quadSevenSeg.v:69]
WARNING: [Synth 8-567] referenced signal 'num3' should be on the sensitivity list [D:/Vivado/Workspace/LAB4/Problem1/Problem1.srcs/sources_1/new/quadSevenSeg.v:69]
INFO: [Synth 8-6155] done synthesizing module 'quadSevenSeg' (5#1) [D:/Vivado/Workspace/LAB4/Problem1/Problem1.srcs/sources_1/new/quadSevenSeg.v:23]
INFO: [Synth 8-6155] done synthesizing module 'system' (6#1) [D:/Vivado/Workspace/LAB4/Problem1/Problem1.srcs/sources_1/new/system.v:23]
---------------------------------------------------------------------------------
Finished RTL Elaboration : Time (s): cpu = 00:00:07 ; elapsed = 00:00:19 . Memory (MB): peak = 1114.504 ; gain = 29.199
---------------------------------------------------------------------------------
---------------------------------------------------------------------------------
Start Handling Custom Attributes
---------------------------------------------------------------------------------
---------------------------------------------------------------------------------
Finished Handling Custom Attributes : Time (s): cpu = 00:00:08 ; elapsed = 00:00:20 . Memory (MB): peak = 1114.504 ; gain = 29.199
---------------------------------------------------------------------------------
---------------------------------------------------------------------------------
Finished RTL Optimization Phase 1 : Time (s): cpu = 00:00:08 ; elapsed = 00:00:20 . Memory (MB): peak = 1114.504 ; gain = 29.199
---------------------------------------------------------------------------------
Netlist sorting complete. Time (s): cpu = 00:00:00 ; elapsed = 00:00:00.003 . Memory (MB): peak = 1114.504 ; gain = 0.000
INFO: [Project 1-570] Preparing netlist for logic optimization

Processing XDC Constraints
Initializing timing engine
Parsing XDC File [D:/Vivado/Workspace/LAB4/Problem1/Problem1.srcs/constrs_1/new/Basys3.xdc]
CRITICAL WARNING: [Designutils 20-1307] Command 'Switches' is not supported in the xdc constraint file. [D:/Vivado/Workspace/LAB4/Problem1/Problem1.srcs/constrs_1/new/Basys3.xdc:11]
WARNING: [Vivado 12-584] No ports matched 'btnD'. [D:/Vivado/Workspace/LAB4/Problem1/Problem1.srcs/constrs_1/new/Basys3.xdc:119]
CRITICAL WARNING: [Common 17-55] 'set_property' expects at least one object. [D:/Vivado/Workspace/LAB4/Problem1/Problem1.srcs/constrs_1/new/Basys3.xdc:119]
Resolution: If [get_<value>] was used to populate the object, check to make sure this command returns at least one valid object.
WARNING: [Vivado 12-584] No ports matched 'btnD'. [D:/Vivado/Workspace/LAB4/Problem1/Problem1.srcs/constrs_1/new/Basys3.xdc:120]
CRITICAL WARNING: [Common 17-55] 'set_property' expects at least one object. [D:/Vivado/Workspace/LAB4/Problem1/Problem1.srcs/constrs_1/new/Basys3.xdc:120]
Resolution: If [get_<value>] was used to populate the object, check to make sure this command returns at least one valid object.
Finished Parsing XDC File [D:/Vivado/Workspace/LAB4/Problem1/Problem1.srcs/constrs_1/new/Basys3.xdc]
INFO: [Project 1-236] Implementation specific constraints were found while reading constraint file [D:/Vivado/Workspace/LAB4/Problem1/Problem1.srcs/constrs_1/new/Basys3.xdc]. These constraints will be ignored for synthesis but will be used in implementation. Impacted constraints are listed in the file [.Xil/system_propImpl.xdc].
Resolution: To avoid this warning, move constraints listed in [.Xil/system_propImpl.xdc] to another XDC file and exclude this new file from synthesis with the used_in_synthesis property (File Properties dialog in GUI) and re-run elaboration/synthesis.
Completed Processing XDC Constraints

Netlist sorting complete. Time (s): cpu = 00:00:00 ; elapsed = 00:00:00 . Memory (MB): peak = 1230.047 ; gain = 0.000
INFO: [Project 1-111] Unisim Transformation Summary:
No Unisim elements were transformed.

Constraint Validation Runtime : Time (s): cpu = 00:00:00 ; elapsed = 00:00:00.058 . Memory (MB): peak = 1230.047 ; gain = 0.000
---------------------------------------------------------------------------------
Finished Constraint Validation : Time (s): cpu = 00:00:16 ; elapsed = 00:00:33 . Memory (MB): peak = 1230.047 ; gain = 144.742
---------------------------------------------------------------------------------
---------------------------------------------------------------------------------
Start Loading Part and Timing Information
---------------------------------------------------------------------------------
Loading part: xc7a35tcpg236-1
---------------------------------------------------------------------------------
Finished Loading Part and Timing Information : Time (s): cpu = 00:00:16 ; elapsed = 00:00:33 . Memory (MB): peak = 1230.047 ; gain = 144.742
---------------------------------------------------------------------------------
---------------------------------------------------------------------------------
Start Applying 'set_property' XDC Constraints
---------------------------------------------------------------------------------
---------------------------------------------------------------------------------
Finished applying 'set_property' XDC Constraints : Time (s): cpu = 00:00:16 ; elapsed = 00:00:33 . Memory (MB): peak = 1230.047 ; gain = 144.742
---------------------------------------------------------------------------------
---------------------------------------------------------------------------------
Finished RTL Optimization Phase 2 : Time (s): cpu = 00:00:17 ; elapsed = 00:00:33 . Memory (MB): peak = 1230.047 ; gain = 144.742
---------------------------------------------------------------------------------
---------------------------------------------------------------------------------
Start RTL Component Statistics 
---------------------------------------------------------------------------------
Detailed RTL Component Info : 
+---Adders : 
	   2 Input    8 Bit       Adders := 3     
	   2 Input    2 Bit       Adders := 1     
+---Registers : 
	                8 Bit    Registers := 1     
	                4 Bit    Registers := 2     
	                2 Bit    Registers := 1     
	                1 Bit    Registers := 28    
+---Muxes : 
	   2 Input    8 Bit        Muxes := 1     
	   4 Input    4 Bit        Muxes := 2     
---------------------------------------------------------------------------------
Finished RTL Component Statistics 
---------------------------------------------------------------------------------
---------------------------------------------------------------------------------
Start Part Resource Summary
---------------------------------------------------------------------------------
Part Resources:
DSPs: 90 (col length:60)
BRAMs: 100 (col length: RAMB18 60 RAMB36 30)
---------------------------------------------------------------------------------
Finished Part Resource Summary
---------------------------------------------------------------------------------
---------------------------------------------------------------------------------
Start Cross Boundary and Area Optimization
---------------------------------------------------------------------------------
---------------------------------------------------------------------------------
Finished Cross Boundary and Area Optimization : Time (s): cpu = 00:00:19 ; elapsed = 00:00:37 . Memory (MB): peak = 1230.047 ; gain = 144.742
---------------------------------------------------------------------------------
---------------------------------------------------------------------------------
Start ROM, RAM, DSP and Shift Register Reporting
---------------------------------------------------------------------------------

Distributed RAM: Preliminary Mapping	Report (see note below)
+------------+-------------+-----------+----------------------+--------------------------+
|Module Name | RTL Object  | Inference | Size (Depth x Width) | Primitives               | 
+------------+-------------+-----------+----------------------+--------------------------+
|system      | ram/mem_reg | Implied   | 256 x 8              | RAM64X1D x 8	RAM64M x 8	 | 
+------------+-------------+-----------+----------------------+--------------------------+

Note: The table above is a preliminary report that shows the Distributed RAMs at the current stage of the synthesis flow. Some Distributed RAMs may be reimplemented as non Distributed RAM primitives later in the synthesis flow. Multiple instantiated RAMs are reported only once.
---------------------------------------------------------------------------------
Finished ROM, RAM, DSP and Shift Register Reporting
---------------------------------------------------------------------------------
---------------------------------------------------------------------------------
Start Applying XDC Timing Constraints
---------------------------------------------------------------------------------
---------------------------------------------------------------------------------
Finished Applying XDC Timing Constraints : Time (s): cpu = 00:00:29 ; elapsed = 00:00:47 . Memory (MB): peak = 1230.047 ; gain = 144.742
---------------------------------------------------------------------------------
---------------------------------------------------------------------------------
Start Timing Optimization
---------------------------------------------------------------------------------
---------------------------------------------------------------------------------
Finished Timing Optimization : Time (s): cpu = 00:00:29 ; elapsed = 00:00:47 . Memory (MB): peak = 1235.953 ; gain = 150.648
---------------------------------------------------------------------------------
---------------------------------------------------------------------------------
Start ROM, RAM, DSP and Shift Register Reporting
---------------------------------------------------------------------------------

Distributed RAM: Final Mapping	Report
+------------+-------------+-----------+----------------------+--------------------------+
|Module Name | RTL Object  | Inference | Size (Depth x Width) | Primitives               | 
+------------+-------------+-----------+----------------------+--------------------------+
|system      | ram/mem_reg | Implied   | 256 x 8              | RAM64X1D x 8	RAM64M x 8	 | 
+------------+-------------+-----------+----------------------+--------------------------+

---------------------------------------------------------------------------------
Finished ROM, RAM, DSP and Shift Register Reporting
---------------------------------------------------------------------------------
---------------------------------------------------------------------------------
Start Technology Mapping
---------------------------------------------------------------------------------
---------------------------------------------------------------------------------
Finished Technology Mapping : Time (s): cpu = 00:00:29 ; elapsed = 00:00:47 . Memory (MB): peak = 1237.398 ; gain = 152.094
---------------------------------------------------------------------------------
---------------------------------------------------------------------------------
Start IO Insertion
---------------------------------------------------------------------------------
---------------------------------------------------------------------------------
Start Flattening Before IO Insertion
---------------------------------------------------------------------------------
---------------------------------------------------------------------------------
Finished Flattening Before IO Insertion
---------------------------------------------------------------------------------
---------------------------------------------------------------------------------
Start Final Netlist Cleanup
---------------------------------------------------------------------------------
---------------------------------------------------------------------------------
Finished Final Netlist Cleanup
---------------------------------------------------------------------------------
---------------------------------------------------------------------------------
Finished IO Insertion : Time (s): cpu = 00:00:35 ; elapsed = 00:00:53 . Memory (MB): peak = 1243.180 ; gain = 157.875
---------------------------------------------------------------------------------
---------------------------------------------------------------------------------
Start Renaming Generated Instances
---------------------------------------------------------------------------------
---------------------------------------------------------------------------------
Finished Renaming Generated Instances : Time (s): cpu = 00:00:35 ; elapsed = 00:00:53 . Memory (MB): peak = 1243.180 ; gain = 157.875
---------------------------------------------------------------------------------
---------------------------------------------------------------------------------
Start Rebuilding User Hierarchy
---------------------------------------------------------------------------------
---------------------------------------------------------------------------------
Finished Rebuilding User Hierarchy : Time (s): cpu = 00:00:35 ; elapsed = 00:00:53 . Memory (MB): peak = 1243.180 ; gain = 157.875
---------------------------------------------------------------------------------
---------------------------------------------------------------------------------
Start Renaming Generated Ports
---------------------------------------------------------------------------------
---------------------------------------------------------------------------------
Finished Renaming Generated Ports : Time (s): cpu = 00:00:35 ; elapsed = 00:00:53 . Memory (MB): peak = 1243.180 ; gain = 157.875
---------------------------------------------------------------------------------
---------------------------------------------------------------------------------
Start Handling Custom Attributes
---------------------------------------------------------------------------------
---------------------------------------------------------------------------------
Finished Handling Custom Attributes : Time (s): cpu = 00:00:35 ; elapsed = 00:00:53 . Memory (MB): peak = 1243.180 ; gain = 157.875
---------------------------------------------------------------------------------
---------------------------------------------------------------------------------
Start Renaming Generated Nets
---------------------------------------------------------------------------------
---------------------------------------------------------------------------------
Finished Renaming Generated Nets : Time (s): cpu = 00:00:35 ; elapsed = 00:00:53 . Memory (MB): peak = 1243.180 ; gain = 157.875
---------------------------------------------------------------------------------
---------------------------------------------------------------------------------
Start Writing Synthesis Report
---------------------------------------------------------------------------------

Report BlackBoxes: 
+-+--------------+----------+
| |BlackBox name |Instances |
+-+--------------+----------+
+-+--------------+----------+

Report Cell Usage: 
+------+---------+------+
|      |Cell     |Count |
+------+---------+------+
|1     |BUFG     |     1|
|2     |LUT1     |    21|
|3     |LUT2     |    20|
|4     |LUT3     |     2|
|5     |LUT4     |    13|
|6     |LUT5     |     5|
|7     |LUT6     |    26|
|8     |RAM64M   |     8|
|9     |RAM64X1D |     8|
|10    |FDRE     |    46|
|11    |IBUF     |    11|
|12    |OBUF     |    12|
+------+---------+------+
---------------------------------------------------------------------------------
Finished Writing Synthesis Report : Time (s): cpu = 00:00:35 ; elapsed = 00:00:53 . Memory (MB): peak = 1243.180 ; gain = 157.875
---------------------------------------------------------------------------------
Synthesis finished with 0 errors, 0 critical warnings and 0 warnings.
Synthesis Optimization Runtime : Time (s): cpu = 00:00:24 ; elapsed = 00:00:46 . Memory (MB): peak = 1243.180 ; gain = 42.332
Synthesis Optimization Complete : Time (s): cpu = 00:00:35 ; elapsed = 00:00:53 . Memory (MB): peak = 1243.180 ; gain = 157.875
INFO: [Project 1-571] Translating synthesized netlist
Netlist sorting complete. Time (s): cpu = 00:00:00 ; elapsed = 00:00:00.001 . Memory (MB): peak = 1250.305 ; gain = 0.000
INFO: [Netlist 29-17] Analyzing 16 Unisim elements for replacement
INFO: [Netlist 29-28] Unisim Transformation completed in 0 CPU seconds
INFO: [Project 1-570] Preparing netlist for logic optimization
INFO: [Opt 31-138] Pushed 0 inverter(s) to 0 load pin(s).
Netlist sorting complete. Time (s): cpu = 00:00:00 ; elapsed = 00:00:00 . Memory (MB): peak = 1257.246 ; gain = 0.000
INFO: [Project 1-111] Unisim Transformation Summary:
  A total of 16 instances were transformed.
  RAM64M => RAM64M (RAMD64E(x4)): 8 instances
  RAM64X1D => RAM64X1D (RAMD64E(x2)): 8 instances

INFO: [Common 17-83] Releasing license: Synthesis
27 Infos, 11 Warnings, 3 Critical Warnings and 0 Errors encountered.
synth_design completed successfully
synth_design: Time (s): cpu = 00:00:43 ; elapsed = 00:01:16 . Memory (MB): peak = 1257.246 ; gain = 171.941
INFO: [Common 17-1381] The checkpoint 'D:/Vivado/Workspace/LAB4/Problem1/Problem1.runs/synth_1/system.dcp' has been generated.
INFO: [runtcl-4] Executing : report_utilization -file system_utilization_synth.rpt -pb system_utilization_synth.pb
INFO: [Common 17-206] Exiting Vivado at Tue Sep 22 14:58:27 2020...
